{"/Users/ale/Documents/projects/ale/Buylist-assistant/script.js": {"path":"/Users/ale/Documents/projects/ale/Buylist-assistant/script.js","statementMap":{"0":{"start":{"line":3,"column":8},"end":{"line":3,"column":34}},"1":{"start":{"line":4,"column":8},"end":{"line":4,"column":26}},"2":{"start":{"line":8,"column":8},"end":{"line":8,"column":68}},"3":{"start":{"line":9,"column":8},"end":{"line":9,"column":72}},"4":{"start":{"line":10,"column":8},"end":{"line":10,"column":71}},"5":{"start":{"line":11,"column":8},"end":{"line":11,"column":75}},"6":{"start":{"line":12,"column":8},"end":{"line":12,"column":74}},"7":{"start":{"line":13,"column":8},"end":{"line":13,"column":78}},"8":{"start":{"line":14,"column":8},"end":{"line":14,"column":78}},"9":{"start":{"line":15,"column":8},"end":{"line":15,"column":98}},"10":{"start":{"line":16,"column":8},"end":{"line":16,"column":102}},"11":{"start":{"line":17,"column":8},"end":{"line":17,"column":76}},"12":{"start":{"line":18,"column":8},"end":{"line":18,"column":62}},"13":{"start":{"line":19,"column":8},"end":{"line":19,"column":72}},"14":{"start":{"line":20,"column":8},"end":{"line":20,"column":74}},"15":{"start":{"line":23,"column":8},"end":{"line":23,"column":36}},"16":{"start":{"line":26,"column":8},"end":{"line":26,"column":72}},"17":{"start":{"line":27,"column":8},"end":{"line":27,"column":76}},"18":{"start":{"line":28,"column":8},"end":{"line":28,"column":70}},"19":{"start":{"line":31,"column":8},"end":{"line":31,"column":70}},"20":{"start":{"line":32,"column":8},"end":{"line":32,"column":70}},"21":{"start":{"line":33,"column":8},"end":{"line":33,"column":68}},"22":{"start":{"line":34,"column":8},"end":{"line":34,"column":68}},"23":{"start":{"line":37,"column":8},"end":{"line":37,"column":64}},"24":{"start":{"line":38,"column":8},"end":{"line":38,"column":69}},"25":{"start":{"line":41,"column":8},"end":{"line":41,"column":75}},"26":{"start":{"line":42,"column":8},"end":{"line":42,"column":73}},"27":{"start":{"line":45,"column":8},"end":{"line":45,"column":82}},"28":{"start":{"line":46,"column":8},"end":{"line":46,"column":86}},"29":{"start":{"line":47,"column":8},"end":{"line":47,"column":80}},"30":{"start":{"line":48,"column":8},"end":{"line":48,"column":84}},"31":{"start":{"line":49,"column":8},"end":{"line":49,"column":74}},"32":{"start":{"line":50,"column":8},"end":{"line":50,"column":78}},"33":{"start":{"line":51,"column":8},"end":{"line":51,"column":81}},"34":{"start":{"line":52,"column":8},"end":{"line":52,"column":79}},"35":{"start":{"line":56,"column":8},"end":{"line":56,"column":77}},"36":{"start":{"line":56,"column":55},"end":{"line":56,"column":75}},"37":{"start":{"line":59,"column":8},"end":{"line":61,"column":11}},"38":{"start":{"line":60,"column":12},"end":{"line":60,"column":90}},"39":{"start":{"line":60,"column":52},"end":{"line":60,"column":88}},"40":{"start":{"line":64,"column":8},"end":{"line":66,"column":11}},"41":{"start":{"line":65,"column":12},"end":{"line":65,"column":100}},"42":{"start":{"line":65,"column":52},"end":{"line":65,"column":98}},"43":{"start":{"line":69,"column":8},"end":{"line":71,"column":11}},"44":{"start":{"line":70,"column":12},"end":{"line":70,"column":106}},"45":{"start":{"line":70,"column":52},"end":{"line":70,"column":104}},"46":{"start":{"line":74,"column":8},"end":{"line":74,"column":91}},"47":{"start":{"line":74,"column":61},"end":{"line":74,"column":89}},"48":{"start":{"line":75,"column":8},"end":{"line":75,"column":95}},"49":{"start":{"line":75,"column":63},"end":{"line":75,"column":93}},"50":{"start":{"line":78,"column":8},"end":{"line":78,"column":91}},"51":{"start":{"line":78,"column":66},"end":{"line":78,"column":89}},"52":{"start":{"line":82,"column":8},"end":{"line":82,"column":27}},"53":{"start":{"line":83,"column":8},"end":{"line":83,"column":31}},"54":{"start":{"line":83,"column":19},"end":{"line":83,"column":31}},"55":{"start":{"line":86,"column":20},"end":{"line":86,"column":92}},"56":{"start":{"line":87,"column":20},"end":{"line":87,"column":37}},"57":{"start":{"line":88,"column":8},"end":{"line":96,"column":9}},"58":{"start":{"line":89,"column":12},"end":{"line":95,"column":14}},"59":{"start":{"line":99,"column":8},"end":{"line":99,"column":81}},"60":{"start":{"line":100,"column":8},"end":{"line":100,"column":34}},"61":{"start":{"line":101,"column":8},"end":{"line":109,"column":9}},"62":{"start":{"line":102,"column":12},"end":{"line":108,"column":14}},"63":{"start":{"line":112,"column":8},"end":{"line":112,"column":66}},"64":{"start":{"line":113,"column":8},"end":{"line":113,"column":34}},"65":{"start":{"line":114,"column":8},"end":{"line":122,"column":9}},"66":{"start":{"line":115,"column":12},"end":{"line":121,"column":14}},"67":{"start":{"line":125,"column":8},"end":{"line":125,"column":58}},"68":{"start":{"line":126,"column":8},"end":{"line":126,"column":34}},"69":{"start":{"line":127,"column":8},"end":{"line":135,"column":9}},"70":{"start":{"line":128,"column":12},"end":{"line":134,"column":14}},"71":{"start":{"line":138,"column":8},"end":{"line":138,"column":46}},"72":{"start":{"line":139,"column":8},"end":{"line":139,"column":34}},"73":{"start":{"line":140,"column":8},"end":{"line":151,"column":9}},"74":{"start":{"line":141,"column":29},"end":{"line":141,"column":44}},"75":{"start":{"line":142,"column":12},"end":{"line":150,"column":13}},"76":{"start":{"line":143,"column":16},"end":{"line":149,"column":18}},"77":{"start":{"line":154,"column":8},"end":{"line":154,"column":38}},"78":{"start":{"line":155,"column":8},"end":{"line":155,"column":34}},"79":{"start":{"line":156,"column":8},"end":{"line":169,"column":9}},"80":{"start":{"line":157,"column":25},"end":{"line":157,"column":40}},"81":{"start":{"line":159,"column":12},"end":{"line":168,"column":13}},"82":{"start":{"line":161,"column":16},"end":{"line":167,"column":18}},"83":{"start":{"line":172,"column":8},"end":{"line":172,"column":72}},"84":{"start":{"line":173,"column":8},"end":{"line":173,"column":34}},"85":{"start":{"line":174,"column":8},"end":{"line":182,"column":9}},"86":{"start":{"line":175,"column":12},"end":{"line":181,"column":14}},"87":{"start":{"line":185,"column":8},"end":{"line":185,"column":64}},"88":{"start":{"line":186,"column":8},"end":{"line":186,"column":34}},"89":{"start":{"line":187,"column":8},"end":{"line":195,"column":9}},"90":{"start":{"line":188,"column":12},"end":{"line":194,"column":14}},"91":{"start":{"line":198,"column":8},"end":{"line":198,"column":20}},"92":{"start":{"line":202,"column":25},"end":{"line":202,"column":55}},"93":{"start":{"line":203,"column":25},"end":{"line":203,"column":93}},"94":{"start":{"line":206,"column":8},"end":{"line":208,"column":9}},"95":{"start":{"line":207,"column":12},"end":{"line":207,"column":49}},"96":{"start":{"line":210,"column":8},"end":{"line":304,"column":9}},"97":{"start":{"line":212,"column":30},"end":{"line":212,"column":38}},"98":{"start":{"line":213,"column":12},"end":{"line":215,"column":13}},"99":{"start":{"line":214,"column":16},"end":{"line":214,"column":49}},"100":{"start":{"line":217,"column":29},"end":{"line":217,"column":118}},"101":{"start":{"line":219,"column":12},"end":{"line":224,"column":13}},"102":{"start":{"line":220,"column":16},"end":{"line":222,"column":17}},"103":{"start":{"line":221,"column":20},"end":{"line":221,"column":84}},"104":{"start":{"line":223,"column":16},"end":{"line":223,"column":59}},"105":{"start":{"line":226,"column":25},"end":{"line":226,"column":46}},"106":{"start":{"line":228,"column":12},"end":{"line":230,"column":13}},"107":{"start":{"line":229,"column":16},"end":{"line":229,"column":50}},"108":{"start":{"line":233,"column":28},"end":{"line":233,"column":40}},"109":{"start":{"line":234,"column":24},"end":{"line":234,"column":28}},"110":{"start":{"line":237,"column":12},"end":{"line":250,"column":13}},"111":{"start":{"line":238,"column":16},"end":{"line":249,"column":17}},"112":{"start":{"line":239,"column":20},"end":{"line":248,"column":21}},"113":{"start":{"line":240,"column":24},"end":{"line":240,"column":41}},"114":{"start":{"line":241,"column":24},"end":{"line":241,"column":30}},"115":{"start":{"line":242,"column":27},"end":{"line":248,"column":21}},"116":{"start":{"line":243,"column":24},"end":{"line":243,"column":41}},"117":{"start":{"line":244,"column":24},"end":{"line":244,"column":30}},"118":{"start":{"line":245,"column":27},"end":{"line":248,"column":21}},"119":{"start":{"line":246,"column":24},"end":{"line":246,"column":41}},"120":{"start":{"line":247,"column":24},"end":{"line":247,"column":30}},"121":{"start":{"line":253,"column":12},"end":{"line":276,"column":13}},"122":{"start":{"line":254,"column":16},"end":{"line":275,"column":17}},"123":{"start":{"line":256,"column":20},"end":{"line":256,"column":86}},"124":{"start":{"line":257,"column":20},"end":{"line":257,"column":26}},"125":{"start":{"line":259,"column":20},"end":{"line":259,"column":86}},"126":{"start":{"line":260,"column":20},"end":{"line":260,"column":26}},"127":{"start":{"line":262,"column":20},"end":{"line":262,"column":86}},"128":{"start":{"line":263,"column":20},"end":{"line":263,"column":26}},"129":{"start":{"line":265,"column":20},"end":{"line":265,"column":86}},"130":{"start":{"line":266,"column":20},"end":{"line":266,"column":26}},"131":{"start":{"line":268,"column":20},"end":{"line":268,"column":86}},"132":{"start":{"line":269,"column":20},"end":{"line":269,"column":26}},"133":{"start":{"line":271,"column":20},"end":{"line":271,"column":86}},"134":{"start":{"line":272,"column":20},"end":{"line":272,"column":26}},"135":{"start":{"line":274,"column":20},"end":{"line":274,"column":86}},"136":{"start":{"line":279,"column":12},"end":{"line":281,"column":13}},"137":{"start":{"line":280,"column":16},"end":{"line":280,"column":127}},"138":{"start":{"line":283,"column":27},"end":{"line":289,"column":13}},"139":{"start":{"line":292,"column":12},"end":{"line":292,"column":50}},"140":{"start":{"line":293,"column":12},"end":{"line":293,"column":26}},"141":{"start":{"line":296,"column":27},"end":{"line":301,"column":13}},"142":{"start":{"line":302,"column":12},"end":{"line":302,"column":50}},"143":{"start":{"line":303,"column":12},"end":{"line":303,"column":26}},"144":{"start":{"line":308,"column":8},"end":{"line":308,"column":102}},"145":{"start":{"line":312,"column":29},"end":{"line":312,"column":100}},"146":{"start":{"line":314,"column":8},"end":{"line":320,"column":9}},"147":{"start":{"line":316,"column":35},"end":{"line":316,"column":65}},"148":{"start":{"line":317,"column":12},"end":{"line":317,"column":55}},"149":{"start":{"line":318,"column":12},"end":{"line":318,"column":54}},"150":{"start":{"line":319,"column":12},"end":{"line":319,"column":83}},"151":{"start":{"line":322,"column":8},"end":{"line":379,"column":9}},"152":{"start":{"line":325,"column":12},"end":{"line":335,"column":13}},"153":{"start":{"line":326,"column":16},"end":{"line":326,"column":46}},"154":{"start":{"line":327,"column":16},"end":{"line":327,"column":50}},"155":{"start":{"line":328,"column":16},"end":{"line":328,"column":53}},"156":{"start":{"line":329,"column":16},"end":{"line":329,"column":57}},"157":{"start":{"line":331,"column":16},"end":{"line":331,"column":37}},"158":{"start":{"line":332,"column":16},"end":{"line":332,"column":41}},"159":{"start":{"line":333,"column":16},"end":{"line":333,"column":44}},"160":{"start":{"line":334,"column":16},"end":{"line":334,"column":48}},"161":{"start":{"line":337,"column":30},"end":{"line":337,"column":92}},"162":{"start":{"line":340,"column":41},"end":{"line":340,"column":112}},"163":{"start":{"line":341,"column":12},"end":{"line":343,"column":13}},"164":{"start":{"line":342,"column":16},"end":{"line":342,"column":46}},"165":{"start":{"line":345,"column":12},"end":{"line":367,"column":13}},"166":{"start":{"line":346,"column":37},"end":{"line":346,"column":67}},"167":{"start":{"line":347,"column":16},"end":{"line":347,"column":55}},"168":{"start":{"line":348,"column":16},"end":{"line":348,"column":63}},"169":{"start":{"line":348,"column":28},"end":{"line":348,"column":63}},"170":{"start":{"line":349,"column":16},"end":{"line":349,"column":67}},"171":{"start":{"line":349,"column":30},"end":{"line":349,"column":67}},"172":{"start":{"line":352,"column":33},"end":{"line":352,"column":63}},"173":{"start":{"line":353,"column":33},"end":{"line":353,"column":70}},"174":{"start":{"line":354,"column":39},"end":{"line":354,"column":77}},"175":{"start":{"line":355,"column":16},"end":{"line":355,"column":74}},"176":{"start":{"line":358,"column":16},"end":{"line":358,"column":131}},"177":{"start":{"line":360,"column":16},"end":{"line":360,"column":85}},"178":{"start":{"line":362,"column":37},"end":{"line":362,"column":67}},"179":{"start":{"line":363,"column":16},"end":{"line":363,"column":55}},"180":{"start":{"line":364,"column":16},"end":{"line":364,"column":49}},"181":{"start":{"line":365,"column":16},"end":{"line":365,"column":59}},"182":{"start":{"line":366,"column":16},"end":{"line":366,"column":85}},"183":{"start":{"line":369,"column":41},"end":{"line":369,"column":112}},"184":{"start":{"line":370,"column":12},"end":{"line":372,"column":13}},"185":{"start":{"line":371,"column":16},"end":{"line":371,"column":46}},"186":{"start":{"line":374,"column":33},"end":{"line":374,"column":63}},"187":{"start":{"line":375,"column":12},"end":{"line":375,"column":51}},"188":{"start":{"line":376,"column":12},"end":{"line":376,"column":47}},"189":{"start":{"line":377,"column":12},"end":{"line":377,"column":56}},"190":{"start":{"line":378,"column":12},"end":{"line":378,"column":81}},"191":{"start":{"line":383,"column":22},"end":{"line":383,"column":39}},"192":{"start":{"line":384,"column":22},"end":{"line":384,"column":24}},"193":{"start":{"line":385,"column":23},"end":{"line":385,"column":25}},"194":{"start":{"line":386,"column":25},"end":{"line":386,"column":26}},"195":{"start":{"line":387,"column":26},"end":{"line":387,"column":31}},"196":{"start":{"line":389,"column":8},"end":{"line":415,"column":9}},"197":{"start":{"line":390,"column":12},"end":{"line":390,"column":25}},"198":{"start":{"line":391,"column":32},"end":{"line":391,"column":43}},"199":{"start":{"line":393,"column":12},"end":{"line":393,"column":39}},"200":{"start":{"line":393,"column":30},"end":{"line":393,"column":39}},"201":{"start":{"line":396,"column":12},"end":{"line":402,"column":13}},"202":{"start":{"line":397,"column":16},"end":{"line":397,"column":35}},"203":{"start":{"line":398,"column":16},"end":{"line":400,"column":17}},"204":{"start":{"line":399,"column":20},"end":{"line":399,"column":26}},"205":{"start":{"line":401,"column":16},"end":{"line":401,"column":25}},"206":{"start":{"line":405,"column":12},"end":{"line":407,"column":13}},"207":{"start":{"line":406,"column":16},"end":{"line":406,"column":25}},"208":{"start":{"line":409,"column":25},"end":{"line":409,"column":56}},"209":{"start":{"line":410,"column":12},"end":{"line":414,"column":13}},"210":{"start":{"line":411,"column":16},"end":{"line":411,"column":33}},"211":{"start":{"line":413,"column":16},"end":{"line":413,"column":68}},"212":{"start":{"line":417,"column":8},"end":{"line":417,"column":33}},"213":{"start":{"line":421,"column":8},"end":{"line":423,"column":9}},"214":{"start":{"line":422,"column":12},"end":{"line":422,"column":43}},"215":{"start":{"line":425,"column":30},"end":{"line":425,"column":60}},"216":{"start":{"line":427,"column":20},"end":{"line":427,"column":41}},"217":{"start":{"line":428,"column":23},"end":{"line":428,"column":47}},"218":{"start":{"line":430,"column":32},"end":{"line":430,"column":68}},"219":{"start":{"line":431,"column":8},"end":{"line":431,"column":111}},"220":{"start":{"line":435,"column":29},"end":{"line":435,"column":56}},"221":{"start":{"line":436,"column":31},"end":{"line":436,"column":60}},"222":{"start":{"line":437,"column":30},"end":{"line":437,"column":64}},"223":{"start":{"line":438,"column":40},"end":{"line":438,"column":84}},"224":{"start":{"line":439,"column":42},"end":{"line":439,"column":88}},"225":{"start":{"line":441,"column":8},"end":{"line":444,"column":9}},"226":{"start":{"line":442,"column":12},"end":{"line":442,"column":69}},"227":{"start":{"line":443,"column":12},"end":{"line":443,"column":19}},"228":{"start":{"line":447,"column":31},"end":{"line":447,"column":88}},"229":{"start":{"line":448,"column":33},"end":{"line":448,"column":94}},"230":{"start":{"line":451,"column":8},"end":{"line":451,"column":123}},"231":{"start":{"line":454,"column":28},"end":{"line":454,"column":37}},"232":{"start":{"line":455,"column":30},"end":{"line":455,"column":39}},"233":{"start":{"line":458,"column":8},"end":{"line":466,"column":11}},"234":{"start":{"line":459,"column":24},"end":{"line":459,"column":63}},"235":{"start":{"line":460,"column":12},"end":{"line":465,"column":13}},"236":{"start":{"line":461,"column":16},"end":{"line":461,"column":63}},"237":{"start":{"line":464,"column":16},"end":{"line":464,"column":50}},"238":{"start":{"line":467,"column":8},"end":{"line":479,"column":9}},"239":{"start":{"line":469,"column":12},"end":{"line":478,"column":15}},"240":{"start":{"line":470,"column":28},"end":{"line":470,"column":51}},"241":{"start":{"line":471,"column":16},"end":{"line":477,"column":17}},"242":{"start":{"line":472,"column":20},"end":{"line":474,"column":21}},"243":{"start":{"line":473,"column":24},"end":{"line":473,"column":71}},"244":{"start":{"line":476,"column":20},"end":{"line":476,"column":54}},"245":{"start":{"line":481,"column":8},"end":{"line":488,"column":11}},"246":{"start":{"line":482,"column":24},"end":{"line":482,"column":63}},"247":{"start":{"line":483,"column":12},"end":{"line":487,"column":13}},"248":{"start":{"line":484,"column":16},"end":{"line":484,"column":65}},"249":{"start":{"line":486,"column":16},"end":{"line":486,"column":52}},"250":{"start":{"line":489,"column":8},"end":{"line":501,"column":9}},"251":{"start":{"line":491,"column":12},"end":{"line":500,"column":15}},"252":{"start":{"line":492,"column":28},"end":{"line":492,"column":51}},"253":{"start":{"line":493,"column":16},"end":{"line":499,"column":17}},"254":{"start":{"line":494,"column":20},"end":{"line":496,"column":21}},"255":{"start":{"line":495,"column":24},"end":{"line":495,"column":73}},"256":{"start":{"line":498,"column":20},"end":{"line":498,"column":56}},"257":{"start":{"line":504,"column":24},"end":{"line":504,"column":26}},"258":{"start":{"line":505,"column":24},"end":{"line":505,"column":26}},"259":{"start":{"line":507,"column":8},"end":{"line":533,"column":11}},"260":{"start":{"line":508,"column":35},"end":{"line":508,"column":57}},"261":{"start":{"line":509,"column":12},"end":{"line":532,"column":13}},"262":{"start":{"line":510,"column":38},"end":{"line":510,"column":94}},"263":{"start":{"line":511,"column":16},"end":{"line":516,"column":19}},"264":{"start":{"line":519,"column":39},"end":{"line":519,"column":41}},"265":{"start":{"line":520,"column":16},"end":{"line":526,"column":17}},"266":{"start":{"line":521,"column":20},"end":{"line":525,"column":23}},"267":{"start":{"line":522,"column":24},"end":{"line":524,"column":25}},"268":{"start":{"line":523,"column":28},"end":{"line":523,"column":64}},"269":{"start":{"line":527,"column":16},"end":{"line":531,"column":19}},"270":{"start":{"line":535,"column":8},"end":{"line":535,"column":92}},"271":{"start":{"line":540,"column":8},"end":{"line":540,"column":64}},"272":{"start":{"line":541,"column":8},"end":{"line":541,"column":68}},"273":{"start":{"line":542,"column":8},"end":{"line":542,"column":57}},"274":{"start":{"line":545,"column":8},"end":{"line":545,"column":57}},"275":{"start":{"line":546,"column":8},"end":{"line":546,"column":57}},"276":{"start":{"line":549,"column":8},"end":{"line":549,"column":67}},"277":{"start":{"line":552,"column":8},"end":{"line":552,"column":69}},"278":{"start":{"line":555,"column":8},"end":{"line":555,"column":52}},"279":{"start":{"line":558,"column":8},"end":{"line":558,"column":67}},"280":{"start":{"line":562,"column":8},"end":{"line":562,"column":33}},"281":{"start":{"line":564,"column":8},"end":{"line":573,"column":9}},"282":{"start":{"line":565,"column":31},"end":{"line":565,"column":60}},"283":{"start":{"line":566,"column":12},"end":{"line":566,"column":49}},"284":{"start":{"line":567,"column":12},"end":{"line":570,"column":14}},"285":{"start":{"line":571,"column":12},"end":{"line":571,"column":46}},"286":{"start":{"line":572,"column":12},"end":{"line":572,"column":19}},"287":{"start":{"line":575,"column":8},"end":{"line":628,"column":11}},"288":{"start":{"line":576,"column":32},"end":{"line":576,"column":61}},"289":{"start":{"line":577,"column":12},"end":{"line":577,"column":48}},"290":{"start":{"line":581,"column":12},"end":{"line":617,"column":13}},"291":{"start":{"line":582,"column":16},"end":{"line":592,"column":18}},"292":{"start":{"line":593,"column":16},"end":{"line":593,"column":46}},"293":{"start":{"line":596,"column":39},"end":{"line":596,"column":41}},"294":{"start":{"line":597,"column":16},"end":{"line":604,"column":17}},"295":{"start":{"line":598,"column":41},"end":{"line":598,"column":63}},"296":{"start":{"line":599,"column":20},"end":{"line":603,"column":22}},"297":{"start":{"line":606,"column":16},"end":{"line":615,"column":18}},"298":{"start":{"line":616,"column":16},"end":{"line":616,"column":39}},"299":{"start":{"line":619,"column":12},"end":{"line":622,"column":14}},"300":{"start":{"line":624,"column":12},"end":{"line":624,"column":47}},"301":{"start":{"line":627,"column":12},"end":{"line":627,"column":58}},"302":{"start":{"line":633,"column":8},"end":{"line":633,"column":32}},"303":{"start":{"line":636,"column":27},"end":{"line":636,"column":76}},"304":{"start":{"line":637,"column":29},"end":{"line":637,"column":78}},"305":{"start":{"line":640,"column":8},"end":{"line":645,"column":9}},"306":{"start":{"line":641,"column":29},"end":{"line":641,"column":78}},"307":{"start":{"line":642,"column":12},"end":{"line":644,"column":13}},"308":{"start":{"line":643,"column":16},"end":{"line":643,"column":75}},"309":{"start":{"line":648,"column":8},"end":{"line":653,"column":9}},"310":{"start":{"line":649,"column":29},"end":{"line":649,"column":80}},"311":{"start":{"line":650,"column":12},"end":{"line":652,"column":13}},"312":{"start":{"line":651,"column":16},"end":{"line":651,"column":77}},"313":{"start":{"line":656,"column":8},"end":{"line":658,"column":9}},"314":{"start":{"line":662,"column":22},"end":{"line":662,"column":24}},"315":{"start":{"line":663,"column":8},"end":{"line":668,"column":9}},"316":{"start":{"line":664,"column":29},"end":{"line":664,"column":75}},"317":{"start":{"line":665,"column":12},"end":{"line":667,"column":13}},"318":{"start":{"line":666,"column":16},"end":{"line":666,"column":37}},"319":{"start":{"line":669,"column":8},"end":{"line":669,"column":21}},"320":{"start":{"line":674,"column":25},"end":{"line":674,"column":76}},"321":{"start":{"line":675,"column":28},"end":{"line":675,"column":82}},"322":{"start":{"line":678,"column":25},"end":{"line":678,"column":57}},"323":{"start":{"line":679,"column":28},"end":{"line":679,"column":81}},"324":{"start":{"line":680,"column":23},"end":{"line":680,"column":51}},"325":{"start":{"line":681,"column":25},"end":{"line":681,"column":55}},"326":{"start":{"line":683,"column":8},"end":{"line":708,"column":9}},"327":{"start":{"line":684,"column":12},"end":{"line":699,"column":14}},"328":{"start":{"line":701,"column":12},"end":{"line":707,"column":14}},"329":{"start":{"line":713,"column":8},"end":{"line":713,"column":65}},"330":{"start":{"line":714,"column":8},"end":{"line":714,"column":69}},"331":{"start":{"line":717,"column":8},"end":{"line":717,"column":70}},"332":{"start":{"line":718,"column":8},"end":{"line":718,"column":74}},"333":{"start":{"line":721,"column":8},"end":{"line":721,"column":84}},"334":{"start":{"line":724,"column":8},"end":{"line":724,"column":90}},"335":{"start":{"line":727,"column":8},"end":{"line":732,"column":9}},"336":{"start":{"line":728,"column":12},"end":{"line":728,"column":57}},"337":{"start":{"line":729,"column":12},"end":{"line":729,"column":72}},"338":{"start":{"line":731,"column":12},"end":{"line":731,"column":56}},"339":{"start":{"line":736,"column":8},"end":{"line":736,"column":33}},"340":{"start":{"line":738,"column":8},"end":{"line":744,"column":9}},"341":{"start":{"line":739,"column":29},"end":{"line":739,"column":58}},"342":{"start":{"line":740,"column":12},"end":{"line":740,"column":45}},"343":{"start":{"line":741,"column":12},"end":{"line":741,"column":72}},"344":{"start":{"line":742,"column":12},"end":{"line":742,"column":44}},"345":{"start":{"line":743,"column":12},"end":{"line":743,"column":19}},"346":{"start":{"line":746,"column":8},"end":{"line":760,"column":11}},"347":{"start":{"line":747,"column":33},"end":{"line":747,"column":62}},"348":{"start":{"line":748,"column":12},"end":{"line":748,"column":50}},"349":{"start":{"line":751,"column":30},"end":{"line":751,"column":61}},"350":{"start":{"line":752,"column":29},"end":{"line":752,"column":61}},"351":{"start":{"line":754,"column":12},"end":{"line":757,"column":14}},"352":{"start":{"line":759,"column":12},"end":{"line":759,"column":48}},"353":{"start":{"line":765,"column":8},"end":{"line":767,"column":11}},"354":{"start":{"line":766,"column":12},"end":{"line":766,"column":72}},"355":{"start":{"line":770,"column":8},"end":{"line":772,"column":11}},"356":{"start":{"line":771,"column":12},"end":{"line":771,"column":79}},"357":{"start":{"line":777,"column":27},"end":{"line":777,"column":58}},"358":{"start":{"line":778,"column":29},"end":{"line":778,"column":62}},"359":{"start":{"line":781,"column":8},"end":{"line":790,"column":11}},"360":{"start":{"line":782,"column":31},"end":{"line":782,"column":51}},"361":{"start":{"line":783,"column":34},"end":{"line":783,"column":68}},"362":{"start":{"line":784,"column":36},"end":{"line":784,"column":72}},"363":{"start":{"line":787,"column":12},"end":{"line":789,"column":13}},"364":{"start":{"line":788,"column":16},"end":{"line":788,"column":71}},"365":{"start":{"line":793,"column":8},"end":{"line":813,"column":11}},"366":{"start":{"line":796,"column":12},"end":{"line":804,"column":13}},"367":{"start":{"line":797,"column":16},"end":{"line":797,"column":45}},"368":{"start":{"line":798,"column":19},"end":{"line":804,"column":13}},"369":{"start":{"line":799,"column":16},"end":{"line":799,"column":44}},"370":{"start":{"line":800,"column":19},"end":{"line":804,"column":13}},"371":{"start":{"line":801,"column":16},"end":{"line":801,"column":47}},"372":{"start":{"line":802,"column":19},"end":{"line":804,"column":13}},"373":{"start":{"line":803,"column":16},"end":{"line":803,"column":46}},"374":{"start":{"line":807,"column":38},"end":{"line":807,"column":71}},"375":{"start":{"line":808,"column":40},"end":{"line":808,"column":75}},"376":{"start":{"line":810,"column":12},"end":{"line":812,"column":13}},"377":{"start":{"line":811,"column":16},"end":{"line":811,"column":76}},"378":{"start":{"line":818,"column":8},"end":{"line":820,"column":11}},"379":{"start":{"line":819,"column":12},"end":{"line":819,"column":80}},"380":{"start":{"line":823,"column":8},"end":{"line":825,"column":11}},"381":{"start":{"line":824,"column":12},"end":{"line":824,"column":87}},"382":{"start":{"line":829,"column":25},"end":{"line":829,"column":94}},"383":{"start":{"line":830,"column":24},"end":{"line":830,"column":91}},"384":{"start":{"line":831,"column":25},"end":{"line":831,"column":94}},"385":{"start":{"line":833,"column":20},"end":{"line":833,"column":41}},"386":{"start":{"line":835,"column":8},"end":{"line":838,"column":9}},"387":{"start":{"line":836,"column":12},"end":{"line":836,"column":49}},"388":{"start":{"line":837,"column":12},"end":{"line":837,"column":19}},"389":{"start":{"line":841,"column":8},"end":{"line":841,"column":32}},"390":{"start":{"line":842,"column":8},"end":{"line":842,"column":41}},"391":{"start":{"line":843,"column":8},"end":{"line":843,"column":43}},"392":{"start":{"line":845,"column":8},"end":{"line":899,"column":9}},"393":{"start":{"line":846,"column":23},"end":{"line":846,"column":27}},"394":{"start":{"line":849,"column":12},"end":{"line":872,"column":13}},"395":{"start":{"line":850,"column":16},"end":{"line":850,"column":60}},"396":{"start":{"line":853,"column":33},"end":{"line":853,"column":56}},"397":{"start":{"line":854,"column":16},"end":{"line":871,"column":17}},"398":{"start":{"line":855,"column":35},"end":{"line":855,"column":90}},"399":{"start":{"line":856,"column":20},"end":{"line":856,"column":67}},"400":{"start":{"line":859,"column":43},"end":{"line":859,"column":72}},"401":{"start":{"line":860,"column":20},"end":{"line":870,"column":21}},"402":{"start":{"line":861,"column":24},"end":{"line":861,"column":86}},"403":{"start":{"line":864,"column":43},"end":{"line":864,"column":68}},"404":{"start":{"line":865,"column":24},"end":{"line":869,"column":25}},"405":{"start":{"line":866,"column":28},"end":{"line":866,"column":82}},"406":{"start":{"line":868,"column":28},"end":{"line":868,"column":128}},"407":{"start":{"line":874,"column":12},"end":{"line":887,"column":13}},"408":{"start":{"line":875,"column":16},"end":{"line":875,"column":38}},"409":{"start":{"line":877,"column":16},"end":{"line":877,"column":52}},"410":{"start":{"line":880,"column":34},"end":{"line":883,"column":25}},"411":{"start":{"line":881,"column":36},"end":{"line":881,"column":47}},"412":{"start":{"line":882,"column":20},"end":{"line":882,"column":84}},"413":{"start":{"line":884,"column":16},"end":{"line":884,"column":77}},"414":{"start":{"line":886,"column":16},"end":{"line":886,"column":137}},"415":{"start":{"line":890,"column":30},"end":{"line":890,"column":141}},"416":{"start":{"line":891,"column":12},"end":{"line":893,"column":13}},"417":{"start":{"line":892,"column":16},"end":{"line":892,"column":52}},"418":{"start":{"line":896,"column":12},"end":{"line":896,"column":37}},"419":{"start":{"line":897,"column":12},"end":{"line":897,"column":48}},"420":{"start":{"line":898,"column":12},"end":{"line":898,"column":50}},"421":{"start":{"line":904,"column":25},"end":{"line":908,"column":9}},"422":{"start":{"line":910,"column":8},"end":{"line":915,"column":9}},"423":{"start":{"line":911,"column":26},"end":{"line":911,"column":44}},"424":{"start":{"line":912,"column":12},"end":{"line":914,"column":13}},"425":{"start":{"line":913,"column":16},"end":{"line":913,"column":54}},"426":{"start":{"line":917,"column":8},"end":{"line":917,"column":20}},"427":{"start":{"line":922,"column":25},"end":{"line":925,"column":9}},"428":{"start":{"line":927,"column":8},"end":{"line":932,"column":9}},"429":{"start":{"line":928,"column":26},"end":{"line":928,"column":44}},"430":{"start":{"line":929,"column":12},"end":{"line":931,"column":13}},"431":{"start":{"line":930,"column":16},"end":{"line":930,"column":60}},"432":{"start":{"line":934,"column":8},"end":{"line":934,"column":20}},"433":{"start":{"line":939,"column":25},"end":{"line":942,"column":9}},"434":{"start":{"line":944,"column":8},"end":{"line":949,"column":9}},"435":{"start":{"line":945,"column":26},"end":{"line":945,"column":44}},"436":{"start":{"line":946,"column":12},"end":{"line":948,"column":13}},"437":{"start":{"line":947,"column":16},"end":{"line":947,"column":56}},"438":{"start":{"line":951,"column":8},"end":{"line":951,"column":20}},"439":{"start":{"line":958,"column":24},"end":{"line":963,"column":9}},"440":{"start":{"line":965,"column":24},"end":{"line":965,"column":28}},"441":{"start":{"line":967,"column":8},"end":{"line":997,"column":9}},"442":{"start":{"line":968,"column":12},"end":{"line":996,"column":13}},"443":{"start":{"line":969,"column":33},"end":{"line":974,"column":18}},"444":{"start":{"line":976,"column":16},"end":{"line":978,"column":17}},"445":{"start":{"line":977,"column":20},"end":{"line":977,"column":91}},"446":{"start":{"line":981,"column":16},"end":{"line":989,"column":17}},"447":{"start":{"line":982,"column":38},"end":{"line":982,"column":59}},"448":{"start":{"line":983,"column":20},"end":{"line":983,"column":58}},"449":{"start":{"line":984,"column":23},"end":{"line":989,"column":17}},"450":{"start":{"line":985,"column":38},"end":{"line":985,"column":59}},"451":{"start":{"line":986,"column":20},"end":{"line":986,"column":54}},"452":{"start":{"line":988,"column":20},"end":{"line":988,"column":49}},"453":{"start":{"line":991,"column":16},"end":{"line":991,"column":57}},"454":{"start":{"line":994,"column":16},"end":{"line":994,"column":34}},"455":{"start":{"line":995,"column":16},"end":{"line":995,"column":25}},"456":{"start":{"line":1000,"column":8},"end":{"line":1016,"column":9}},"457":{"start":{"line":1002,"column":33},"end":{"line":1002,"column":88}},"458":{"start":{"line":1003,"column":29},"end":{"line":1008,"column":14}},"459":{"start":{"line":1010,"column":12},"end":{"line":1013,"column":13}},"460":{"start":{"line":1011,"column":29},"end":{"line":1011,"column":50}},"461":{"start":{"line":1012,"column":16},"end":{"line":1012,"column":57}},"462":{"start":{"line":1019,"column":8},"end":{"line":1019,"column":140}},"463":{"start":{"line":1024,"column":23},"end":{"line":1024,"column":25}},"464":{"start":{"line":1025,"column":25},"end":{"line":1025,"column":26}},"465":{"start":{"line":1026,"column":25},"end":{"line":1026,"column":27}},"466":{"start":{"line":1029,"column":8},"end":{"line":1057,"column":9}},"467":{"start":{"line":1030,"column":27},"end":{"line":1030,"column":231}},"468":{"start":{"line":1032,"column":12},"end":{"line":1056,"column":13}},"469":{"start":{"line":1033,"column":29},"end":{"line":1033,"column":68}},"470":{"start":{"line":1034,"column":16},"end":{"line":1053,"column":17}},"471":{"start":{"line":1035,"column":34},"end":{"line":1038,"column":22}},"472":{"start":{"line":1036,"column":40},"end":{"line":1036,"column":51}},"473":{"start":{"line":1037,"column":24},"end":{"line":1037,"column":88}},"474":{"start":{"line":1040,"column":20},"end":{"line":1042,"column":21}},"475":{"start":{"line":1041,"column":24},"end":{"line":1041,"column":30}},"476":{"start":{"line":1044,"column":20},"end":{"line":1044,"column":54}},"477":{"start":{"line":1045,"column":20},"end":{"line":1045,"column":33}},"478":{"start":{"line":1048,"column":20},"end":{"line":1050,"column":21}},"479":{"start":{"line":1049,"column":24},"end":{"line":1049,"column":30}},"480":{"start":{"line":1052,"column":20},"end":{"line":1052,"column":26}},"481":{"start":{"line":1055,"column":16},"end":{"line":1055,"column":22}},"482":{"start":{"line":1059,"column":8},"end":{"line":1059,"column":35}},"483":{"start":{"line":1064,"column":25},"end":{"line":1064,"column":27}},"484":{"start":{"line":1065,"column":25},"end":{"line":1065,"column":26}},"485":{"start":{"line":1066,"column":25},"end":{"line":1066,"column":27}},"486":{"start":{"line":1069,"column":8},"end":{"line":1089,"column":9}},"487":{"start":{"line":1070,"column":27},"end":{"line":1070,"column":363}},"488":{"start":{"line":1072,"column":12},"end":{"line":1088,"column":13}},"489":{"start":{"line":1073,"column":29},"end":{"line":1073,"column":68}},"490":{"start":{"line":1074,"column":16},"end":{"line":1085,"column":17}},"491":{"start":{"line":1076,"column":20},"end":{"line":1076,"column":40}},"492":{"start":{"line":1077,"column":20},"end":{"line":1077,"column":33}},"493":{"start":{"line":1080,"column":20},"end":{"line":1082,"column":21}},"494":{"start":{"line":1081,"column":24},"end":{"line":1081,"column":30}},"495":{"start":{"line":1084,"column":20},"end":{"line":1084,"column":26}},"496":{"start":{"line":1087,"column":16},"end":{"line":1087,"column":22}},"497":{"start":{"line":1091,"column":8},"end":{"line":1091,"column":35}},"498":{"start":{"line":1095,"column":8},"end":{"line":1282,"column":9}},"499":{"start":{"line":1096,"column":27},"end":{"line":1096,"column":29}},"500":{"start":{"line":1099,"column":36},"end":{"line":1101,"column":62}},"501":{"start":{"line":1104,"column":12},"end":{"line":1143,"column":13}},"502":{"start":{"line":1106,"column":39},"end":{"line":1106,"column":41}},"503":{"start":{"line":1108,"column":16},"end":{"line":1138,"column":19}},"504":{"start":{"line":1109,"column":37},"end":{"line":1109,"column":59}},"505":{"start":{"line":1110,"column":35},"end":{"line":1110,"column":48}},"506":{"start":{"line":1111,"column":32},"end":{"line":1111,"column":71}},"507":{"start":{"line":1112,"column":35},"end":{"line":1112,"column":115}},"508":{"start":{"line":1115,"column":35},"end":{"line":1119,"column":38}},"509":{"start":{"line":1122,"column":37},"end":{"line":1126,"column":40}},"510":{"start":{"line":1128,"column":35},"end":{"line":1128,"column":65}},"511":{"start":{"line":1129,"column":20},"end":{"line":1131,"column":21}},"512":{"start":{"line":1130,"column":24},"end":{"line":1130,"column":49}},"513":{"start":{"line":1132,"column":20},"end":{"line":1136,"column":21}},"514":{"start":{"line":1133,"column":24},"end":{"line":1133,"column":43}},"515":{"start":{"line":1134,"column":27},"end":{"line":1136,"column":21}},"516":{"start":{"line":1135,"column":24},"end":{"line":1135,"column":43}},"517":{"start":{"line":1137,"column":20},"end":{"line":1137,"column":50}},"518":{"start":{"line":1141,"column":16},"end":{"line":1141,"column":38}},"519":{"start":{"line":1142,"column":16},"end":{"line":1142,"column":61}},"520":{"start":{"line":1146,"column":12},"end":{"line":1276,"column":13}},"521":{"start":{"line":1148,"column":16},"end":{"line":1148,"column":45}},"522":{"start":{"line":1151,"column":39},"end":{"line":1151,"column":41}},"523":{"start":{"line":1153,"column":16},"end":{"line":1183,"column":19}},"524":{"start":{"line":1154,"column":37},"end":{"line":1154,"column":59}},"525":{"start":{"line":1155,"column":35},"end":{"line":1155,"column":48}},"526":{"start":{"line":1156,"column":32},"end":{"line":1156,"column":71}},"527":{"start":{"line":1157,"column":35},"end":{"line":1157,"column":115}},"528":{"start":{"line":1160,"column":35},"end":{"line":1164,"column":38}},"529":{"start":{"line":1167,"column":37},"end":{"line":1171,"column":40}},"530":{"start":{"line":1173,"column":35},"end":{"line":1173,"column":65}},"531":{"start":{"line":1174,"column":20},"end":{"line":1176,"column":21}},"532":{"start":{"line":1175,"column":24},"end":{"line":1175,"column":49}},"533":{"start":{"line":1177,"column":20},"end":{"line":1181,"column":21}},"534":{"start":{"line":1178,"column":24},"end":{"line":1178,"column":43}},"535":{"start":{"line":1179,"column":27},"end":{"line":1181,"column":21}},"536":{"start":{"line":1180,"column":24},"end":{"line":1180,"column":43}},"537":{"start":{"line":1182,"column":20},"end":{"line":1182,"column":50}},"538":{"start":{"line":1186,"column":16},"end":{"line":1186,"column":38}},"539":{"start":{"line":1187,"column":16},"end":{"line":1187,"column":61}},"540":{"start":{"line":1188,"column":19},"end":{"line":1276,"column":13}},"541":{"start":{"line":1190,"column":30},"end":{"line":1190,"column":32}},"542":{"start":{"line":1192,"column":16},"end":{"line":1222,"column":19}},"543":{"start":{"line":1193,"column":37},"end":{"line":1193,"column":55}},"544":{"start":{"line":1194,"column":33},"end":{"line":1194,"column":61}},"545":{"start":{"line":1195,"column":32},"end":{"line":1195,"column":80}},"546":{"start":{"line":1196,"column":35},"end":{"line":1196,"column":121}},"547":{"start":{"line":1199,"column":35},"end":{"line":1203,"column":38}},"548":{"start":{"line":1206,"column":37},"end":{"line":1210,"column":40}},"549":{"start":{"line":1212,"column":35},"end":{"line":1212,"column":65}},"550":{"start":{"line":1213,"column":20},"end":{"line":1215,"column":21}},"551":{"start":{"line":1214,"column":24},"end":{"line":1214,"column":49}},"552":{"start":{"line":1216,"column":20},"end":{"line":1220,"column":21}},"553":{"start":{"line":1217,"column":24},"end":{"line":1217,"column":43}},"554":{"start":{"line":1218,"column":27},"end":{"line":1220,"column":21}},"555":{"start":{"line":1219,"column":24},"end":{"line":1219,"column":43}},"556":{"start":{"line":1221,"column":20},"end":{"line":1221,"column":41}},"557":{"start":{"line":1225,"column":16},"end":{"line":1225,"column":29}},"558":{"start":{"line":1226,"column":16},"end":{"line":1226,"column":52}},"559":{"start":{"line":1227,"column":19},"end":{"line":1276,"column":13}},"560":{"start":{"line":1229,"column":30},"end":{"line":1229,"column":32}},"561":{"start":{"line":1231,"column":16},"end":{"line":1261,"column":19}},"562":{"start":{"line":1232,"column":37},"end":{"line":1232,"column":55}},"563":{"start":{"line":1233,"column":33},"end":{"line":1233,"column":61}},"564":{"start":{"line":1234,"column":32},"end":{"line":1234,"column":80}},"565":{"start":{"line":1235,"column":35},"end":{"line":1235,"column":121}},"566":{"start":{"line":1238,"column":35},"end":{"line":1242,"column":38}},"567":{"start":{"line":1245,"column":37},"end":{"line":1249,"column":40}},"568":{"start":{"line":1251,"column":35},"end":{"line":1251,"column":65}},"569":{"start":{"line":1252,"column":20},"end":{"line":1254,"column":21}},"570":{"start":{"line":1253,"column":24},"end":{"line":1253,"column":49}},"571":{"start":{"line":1255,"column":20},"end":{"line":1259,"column":21}},"572":{"start":{"line":1256,"column":24},"end":{"line":1256,"column":43}},"573":{"start":{"line":1257,"column":27},"end":{"line":1259,"column":21}},"574":{"start":{"line":1258,"column":24},"end":{"line":1258,"column":43}},"575":{"start":{"line":1260,"column":20},"end":{"line":1260,"column":41}},"576":{"start":{"line":1264,"column":16},"end":{"line":1264,"column":29}},"577":{"start":{"line":1265,"column":16},"end":{"line":1265,"column":52}},"578":{"start":{"line":1267,"column":19},"end":{"line":1276,"column":13}},"579":{"start":{"line":1269,"column":16},"end":{"line":1269,"column":32}},"580":{"start":{"line":1272,"column":30},"end":{"line":1272,"column":60}},"581":{"start":{"line":1273,"column":16},"end":{"line":1275,"column":19}},"582":{"start":{"line":1274,"column":20},"end":{"line":1274,"column":123}},"583":{"start":{"line":1278,"column":12},"end":{"line":1278,"column":35}},"584":{"start":{"line":1281,"column":12},"end":{"line":1281,"column":75}},"585":{"start":{"line":1286,"column":22},"end":{"line":1286,"column":24}},"586":{"start":{"line":1288,"column":8},"end":{"line":1308,"column":9}},"587":{"start":{"line":1289,"column":12},"end":{"line":1307,"column":13}},"588":{"start":{"line":1290,"column":36},"end":{"line":1290,"column":65}},"589":{"start":{"line":1292,"column":16},"end":{"line":1306,"column":17}},"590":{"start":{"line":1296,"column":20},"end":{"line":1302,"column":23}},"591":{"start":{"line":1303,"column":23},"end":{"line":1306,"column":17}},"592":{"start":{"line":1305,"column":20},"end":{"line":1305,"column":80}},"593":{"start":{"line":1310,"column":8},"end":{"line":1310,"column":21}},"594":{"start":{"line":1317,"column":0},"end":{"line":1319,"column":3}},"595":{"start":{"line":1318,"column":4},"end":{"line":1318,"column":55}},"596":{"start":{"line":1322,"column":0},"end":{"line":1359,"column":2}},"597":{"start":{"line":1323,"column":24},"end":{"line":1323,"column":33}},"598":{"start":{"line":1324,"column":26},"end":{"line":1324,"column":35}},"599":{"start":{"line":1326,"column":4},"end":{"line":1333,"column":7}},"600":{"start":{"line":1327,"column":20},"end":{"line":1327,"column":59}},"601":{"start":{"line":1328,"column":8},"end":{"line":1332,"column":9}},"602":{"start":{"line":1329,"column":12},"end":{"line":1329,"column":59}},"603":{"start":{"line":1331,"column":12},"end":{"line":1331,"column":46}},"604":{"start":{"line":1335,"column":4},"end":{"line":1342,"column":7}},"605":{"start":{"line":1336,"column":20},"end":{"line":1336,"column":59}},"606":{"start":{"line":1337,"column":8},"end":{"line":1341,"column":9}},"607":{"start":{"line":1338,"column":12},"end":{"line":1338,"column":61}},"608":{"start":{"line":1340,"column":12},"end":{"line":1340,"column":48}},"609":{"start":{"line":1344,"column":20},"end":{"line":1344,"column":22}},"610":{"start":{"line":1345,"column":4},"end":{"line":1356,"column":7}},"611":{"start":{"line":1346,"column":31},"end":{"line":1346,"column":53}},"612":{"start":{"line":1347,"column":8},"end":{"line":1355,"column":9}},"613":{"start":{"line":1348,"column":34},"end":{"line":1348,"column":90}},"614":{"start":{"line":1349,"column":12},"end":{"line":1354,"column":15}},"615":{"start":{"line":1358,"column":4},"end":{"line":1358,"column":19}},"616":{"start":{"line":1361,"column":0},"end":{"line":1414,"column":2}},"617":{"start":{"line":1362,"column":24},"end":{"line":1362,"column":33}},"618":{"start":{"line":1363,"column":26},"end":{"line":1363,"column":35}},"619":{"start":{"line":1365,"column":4},"end":{"line":1372,"column":7}},"620":{"start":{"line":1366,"column":20},"end":{"line":1366,"column":59}},"621":{"start":{"line":1367,"column":8},"end":{"line":1371,"column":9}},"622":{"start":{"line":1368,"column":12},"end":{"line":1368,"column":59}},"623":{"start":{"line":1370,"column":12},"end":{"line":1370,"column":46}},"624":{"start":{"line":1374,"column":4},"end":{"line":1381,"column":7}},"625":{"start":{"line":1375,"column":20},"end":{"line":1375,"column":59}},"626":{"start":{"line":1376,"column":8},"end":{"line":1380,"column":9}},"627":{"start":{"line":1377,"column":12},"end":{"line":1377,"column":61}},"628":{"start":{"line":1379,"column":12},"end":{"line":1379,"column":48}},"629":{"start":{"line":1383,"column":20},"end":{"line":1383,"column":22}},"630":{"start":{"line":1384,"column":4},"end":{"line":1411,"column":7}},"631":{"start":{"line":1385,"column":31},"end":{"line":1385,"column":53}},"632":{"start":{"line":1386,"column":8},"end":{"line":1410,"column":9}},"633":{"start":{"line":1387,"column":12},"end":{"line":1394,"column":13}},"634":{"start":{"line":1388,"column":40},"end":{"line":1388,"column":87}},"635":{"start":{"line":1389,"column":16},"end":{"line":1393,"column":19}},"636":{"start":{"line":1396,"column":35},"end":{"line":1396,"column":37}},"637":{"start":{"line":1397,"column":12},"end":{"line":1403,"column":13}},"638":{"start":{"line":1398,"column":16},"end":{"line":1402,"column":19}},"639":{"start":{"line":1399,"column":20},"end":{"line":1401,"column":21}},"640":{"start":{"line":1400,"column":24},"end":{"line":1400,"column":60}},"641":{"start":{"line":1405,"column":12},"end":{"line":1409,"column":15}},"642":{"start":{"line":1413,"column":4},"end":{"line":1413,"column":19}}},"fnMap":{"0":{"name":"(anonymous_0)","decl":{"start":{"line":2,"column":4},"end":{"line":2,"column":5}},"loc":{"start":{"line":2,"column":18},"end":{"line":5,"column":5}},"line":2},"1":{"name":"(anonymous_1)","decl":{"start":{"line":7,"column":4},"end":{"line":7,"column":5}},"loc":{"start":{"line":7,"column":25},"end":{"line":53,"column":5}},"line":7},"2":{"name":"(anonymous_2)","decl":{"start":{"line":55,"column":4},"end":{"line":55,"column":5}},"loc":{"start":{"line":55,"column":17},"end":{"line":79,"column":5}},"line":55},"3":{"name":"(anonymous_3)","decl":{"start":{"line":56,"column":49},"end":{"line":56,"column":50}},"loc":{"start":{"line":56,"column":55},"end":{"line":56,"column":75}},"line":56},"4":{"name":"(anonymous_4)","decl":{"start":{"line":59,"column":32},"end":{"line":59,"column":33}},"loc":{"start":{"line":59,"column":42},"end":{"line":61,"column":9}},"line":59},"5":{"name":"(anonymous_5)","decl":{"start":{"line":60,"column":45},"end":{"line":60,"column":46}},"loc":{"start":{"line":60,"column":52},"end":{"line":60,"column":88}},"line":60},"6":{"name":"(anonymous_6)","decl":{"start":{"line":64,"column":37},"end":{"line":64,"column":38}},"loc":{"start":{"line":64,"column":47},"end":{"line":66,"column":9}},"line":64},"7":{"name":"(anonymous_7)","decl":{"start":{"line":65,"column":45},"end":{"line":65,"column":46}},"loc":{"start":{"line":65,"column":52},"end":{"line":65,"column":98}},"line":65},"8":{"name":"(anonymous_8)","decl":{"start":{"line":69,"column":40},"end":{"line":69,"column":41}},"loc":{"start":{"line":69,"column":50},"end":{"line":71,"column":9}},"line":69},"9":{"name":"(anonymous_9)","decl":{"start":{"line":70,"column":45},"end":{"line":70,"column":46}},"loc":{"start":{"line":70,"column":52},"end":{"line":70,"column":104}},"line":70},"10":{"name":"(anonymous_10)","decl":{"start":{"line":74,"column":55},"end":{"line":74,"column":56}},"loc":{"start":{"line":74,"column":61},"end":{"line":74,"column":89}},"line":74},"11":{"name":"(anonymous_11)","decl":{"start":{"line":75,"column":57},"end":{"line":75,"column":58}},"loc":{"start":{"line":75,"column":63},"end":{"line":75,"column":93}},"line":75},"12":{"name":"(anonymous_12)","decl":{"start":{"line":78,"column":60},"end":{"line":78,"column":61}},"loc":{"start":{"line":78,"column":66},"end":{"line":78,"column":89}},"line":78},"13":{"name":"(anonymous_13)","decl":{"start":{"line":81,"column":4},"end":{"line":81,"column":5}},"loc":{"start":{"line":81,"column":24},"end":{"line":199,"column":5}},"line":81},"14":{"name":"(anonymous_14)","decl":{"start":{"line":201,"column":4},"end":{"line":201,"column":5}},"loc":{"start":{"line":201,"column":83},"end":{"line":305,"column":5}},"line":201},"15":{"name":"(anonymous_15)","decl":{"start":{"line":307,"column":4},"end":{"line":307,"column":5}},"loc":{"start":{"line":307,"column":68},"end":{"line":309,"column":5}},"line":307},"16":{"name":"(anonymous_16)","decl":{"start":{"line":311,"column":4},"end":{"line":311,"column":5}},"loc":{"start":{"line":311,"column":51},"end":{"line":380,"column":5}},"line":311},"17":{"name":"(anonymous_17)","decl":{"start":{"line":382,"column":4},"end":{"line":382,"column":5}},"loc":{"start":{"line":382,"column":50},"end":{"line":418,"column":5}},"line":382},"18":{"name":"(anonymous_18)","decl":{"start":{"line":420,"column":4},"end":{"line":420,"column":5}},"loc":{"start":{"line":420,"column":47},"end":{"line":432,"column":5}},"line":420},"19":{"name":"(anonymous_19)","decl":{"start":{"line":434,"column":4},"end":{"line":434,"column":5}},"loc":{"start":{"line":434,"column":20},"end":{"line":536,"column":5}},"line":434},"20":{"name":"(anonymous_20)","decl":{"start":{"line":458,"column":37},"end":{"line":458,"column":38}},"loc":{"start":{"line":458,"column":45},"end":{"line":466,"column":9}},"line":458},"21":{"name":"(anonymous_21)","decl":{"start":{"line":469,"column":41},"end":{"line":469,"column":42}},"loc":{"start":{"line":469,"column":49},"end":{"line":478,"column":13}},"line":469},"22":{"name":"(anonymous_22)","decl":{"start":{"line":481,"column":39},"end":{"line":481,"column":40}},"loc":{"start":{"line":481,"column":47},"end":{"line":488,"column":9}},"line":481},"23":{"name":"(anonymous_23)","decl":{"start":{"line":491,"column":43},"end":{"line":491,"column":44}},"loc":{"start":{"line":491,"column":51},"end":{"line":500,"column":13}},"line":491},"24":{"name":"(anonymous_24)","decl":{"start":{"line":507,"column":28},"end":{"line":507,"column":29}},"loc":{"start":{"line":507,"column":51},"end":{"line":533,"column":9}},"line":507},"25":{"name":"(anonymous_25)","decl":{"start":{"line":521,"column":42},"end":{"line":521,"column":43}},"loc":{"start":{"line":521,"column":78},"end":{"line":525,"column":21}},"line":521},"26":{"name":"(anonymous_26)","decl":{"start":{"line":538,"column":4},"end":{"line":538,"column":5}},"loc":{"start":{"line":538,"column":69},"end":{"line":559,"column":5}},"line":538},"27":{"name":"(anonymous_27)","decl":{"start":{"line":561,"column":4},"end":{"line":561,"column":5}},"loc":{"start":{"line":561,"column":44},"end":{"line":629,"column":5}},"line":561},"28":{"name":"(anonymous_28)","decl":{"start":{"line":575,"column":22},"end":{"line":575,"column":23}},"loc":{"start":{"line":575,"column":30},"end":{"line":628,"column":9}},"line":575},"29":{"name":"(anonymous_29)","decl":{"start":{"line":631,"column":4},"end":{"line":631,"column":5}},"loc":{"start":{"line":631,"column":29},"end":{"line":659,"column":5}},"line":631},"30":{"name":"(anonymous_30)","decl":{"start":{"line":661,"column":4},"end":{"line":661,"column":5}},"loc":{"start":{"line":661,"column":49},"end":{"line":670,"column":5}},"line":661},"31":{"name":"(anonymous_31)","decl":{"start":{"line":672,"column":4},"end":{"line":672,"column":5}},"loc":{"start":{"line":672,"column":46},"end":{"line":709,"column":5}},"line":672},"32":{"name":"(anonymous_32)","decl":{"start":{"line":711,"column":4},"end":{"line":711,"column":5}},"loc":{"start":{"line":711,"column":86},"end":{"line":733,"column":5}},"line":711},"33":{"name":"(anonymous_33)","decl":{"start":{"line":735,"column":4},"end":{"line":735,"column":5}},"loc":{"start":{"line":735,"column":46},"end":{"line":761,"column":5}},"line":735},"34":{"name":"(anonymous_34)","decl":{"start":{"line":746,"column":23},"end":{"line":746,"column":24}},"loc":{"start":{"line":746,"column":32},"end":{"line":760,"column":9}},"line":746},"35":{"name":"(anonymous_35)","decl":{"start":{"line":763,"column":4},"end":{"line":763,"column":5}},"loc":{"start":{"line":763,"column":23},"end":{"line":773,"column":5}},"line":763},"36":{"name":"(anonymous_36)","decl":{"start":{"line":765,"column":32},"end":{"line":765,"column":33}},"loc":{"start":{"line":765,"column":39},"end":{"line":767,"column":9}},"line":765},"37":{"name":"(anonymous_37)","decl":{"start":{"line":770,"column":33},"end":{"line":770,"column":34}},"loc":{"start":{"line":770,"column":44},"end":{"line":772,"column":9}},"line":770},"38":{"name":"(anonymous_38)","decl":{"start":{"line":775,"column":4},"end":{"line":775,"column":5}},"loc":{"start":{"line":775,"column":28},"end":{"line":814,"column":5}},"line":775},"39":{"name":"(anonymous_39)","decl":{"start":{"line":781,"column":37},"end":{"line":781,"column":38}},"loc":{"start":{"line":781,"column":44},"end":{"line":790,"column":9}},"line":781},"40":{"name":"(anonymous_40)","decl":{"start":{"line":793,"column":35},"end":{"line":793,"column":36}},"loc":{"start":{"line":793,"column":46},"end":{"line":813,"column":9}},"line":793},"41":{"name":"(anonymous_41)","decl":{"start":{"line":816,"column":4},"end":{"line":816,"column":5}},"loc":{"start":{"line":816,"column":31},"end":{"line":826,"column":5}},"line":816},"42":{"name":"(anonymous_42)","decl":{"start":{"line":818,"column":40},"end":{"line":818,"column":41}},"loc":{"start":{"line":818,"column":47},"end":{"line":820,"column":9}},"line":818},"43":{"name":"(anonymous_43)","decl":{"start":{"line":823,"column":38},"end":{"line":823,"column":39}},"loc":{"start":{"line":823,"column":49},"end":{"line":825,"column":9}},"line":823},"44":{"name":"(anonymous_44)","decl":{"start":{"line":828,"column":4},"end":{"line":828,"column":5}},"loc":{"start":{"line":828,"column":28},"end":{"line":900,"column":5}},"line":828},"45":{"name":"(anonymous_45)","decl":{"start":{"line":880,"column":58},"end":{"line":880,"column":59}},"loc":{"start":{"line":880,"column":66},"end":{"line":883,"column":17}},"line":880},"46":{"name":"(anonymous_46)","decl":{"start":{"line":902,"column":4},"end":{"line":902,"column":5}},"loc":{"start":{"line":902,"column":23},"end":{"line":918,"column":5}},"line":902},"47":{"name":"(anonymous_47)","decl":{"start":{"line":920,"column":4},"end":{"line":920,"column":5}},"loc":{"start":{"line":920,"column":29},"end":{"line":935,"column":5}},"line":920},"48":{"name":"(anonymous_48)","decl":{"start":{"line":937,"column":4},"end":{"line":937,"column":5}},"loc":{"start":{"line":937,"column":25},"end":{"line":952,"column":5}},"line":937},"49":{"name":"(anonymous_49)","decl":{"start":{"line":956,"column":4},"end":{"line":956,"column":5}},"loc":{"start":{"line":956,"column":39},"end":{"line":1020,"column":5}},"line":956},"50":{"name":"(anonymous_50)","decl":{"start":{"line":1022,"column":4},"end":{"line":1022,"column":5}},"loc":{"start":{"line":1022,"column":49},"end":{"line":1060,"column":5}},"line":1022},"51":{"name":"(anonymous_51)","decl":{"start":{"line":1035,"column":58},"end":{"line":1035,"column":59}},"loc":{"start":{"line":1035,"column":66},"end":{"line":1038,"column":21}},"line":1035},"52":{"name":"(anonymous_52)","decl":{"start":{"line":1062,"column":4},"end":{"line":1062,"column":5}},"loc":{"start":{"line":1062,"column":41},"end":{"line":1092,"column":5}},"line":1062},"53":{"name":"(anonymous_53)","decl":{"start":{"line":1094,"column":4},"end":{"line":1094,"column":5}},"loc":{"start":{"line":1094,"column":33},"end":{"line":1283,"column":5}},"line":1094},"54":{"name":"(anonymous_54)","decl":{"start":{"line":1108,"column":55},"end":{"line":1108,"column":56}},"loc":{"start":{"line":1108,"column":80},"end":{"line":1138,"column":17}},"line":1108},"55":{"name":"(anonymous_55)","decl":{"start":{"line":1153,"column":55},"end":{"line":1153,"column":56}},"loc":{"start":{"line":1153,"column":80},"end":{"line":1183,"column":17}},"line":1153},"56":{"name":"(anonymous_56)","decl":{"start":{"line":1192,"column":35},"end":{"line":1192,"column":36}},"loc":{"start":{"line":1192,"column":43},"end":{"line":1222,"column":17}},"line":1192},"57":{"name":"(anonymous_57)","decl":{"start":{"line":1231,"column":34},"end":{"line":1231,"column":35}},"loc":{"start":{"line":1231,"column":42},"end":{"line":1261,"column":17}},"line":1231},"58":{"name":"(anonymous_58)","decl":{"start":{"line":1273,"column":30},"end":{"line":1273,"column":31}},"loc":{"start":{"line":1273,"column":38},"end":{"line":1275,"column":17}},"line":1273},"59":{"name":"(anonymous_59)","decl":{"start":{"line":1285,"column":4},"end":{"line":1285,"column":5}},"loc":{"start":{"line":1285,"column":41},"end":{"line":1311,"column":5}},"line":1285},"60":{"name":"(anonymous_60)","decl":{"start":{"line":1317,"column":46},"end":{"line":1317,"column":47}},"loc":{"start":{"line":1317,"column":52},"end":{"line":1319,"column":1}},"line":1317},"61":{"name":"(anonymous_61)","decl":{"start":{"line":1322,"column":42},"end":{"line":1322,"column":43}},"loc":{"start":{"line":1322,"column":88},"end":{"line":1359,"column":1}},"line":1322},"62":{"name":"(anonymous_62)","decl":{"start":{"line":1326,"column":21},"end":{"line":1326,"column":22}},"loc":{"start":{"line":1326,"column":29},"end":{"line":1333,"column":5}},"line":1326},"63":{"name":"(anonymous_63)","decl":{"start":{"line":1335,"column":23},"end":{"line":1335,"column":24}},"loc":{"start":{"line":1335,"column":31},"end":{"line":1342,"column":5}},"line":1335},"64":{"name":"(anonymous_64)","decl":{"start":{"line":1345,"column":24},"end":{"line":1345,"column":25}},"loc":{"start":{"line":1345,"column":47},"end":{"line":1356,"column":5}},"line":1345},"65":{"name":"(anonymous_65)","decl":{"start":{"line":1361,"column":47},"end":{"line":1361,"column":48}},"loc":{"start":{"line":1361,"column":93},"end":{"line":1414,"column":1}},"line":1361},"66":{"name":"(anonymous_66)","decl":{"start":{"line":1365,"column":21},"end":{"line":1365,"column":22}},"loc":{"start":{"line":1365,"column":29},"end":{"line":1372,"column":5}},"line":1365},"67":{"name":"(anonymous_67)","decl":{"start":{"line":1374,"column":23},"end":{"line":1374,"column":24}},"loc":{"start":{"line":1374,"column":31},"end":{"line":1381,"column":5}},"line":1374},"68":{"name":"(anonymous_68)","decl":{"start":{"line":1384,"column":24},"end":{"line":1384,"column":25}},"loc":{"start":{"line":1384,"column":47},"end":{"line":1411,"column":5}},"line":1384},"69":{"name":"(anonymous_69)","decl":{"start":{"line":1398,"column":38},"end":{"line":1398,"column":39}},"loc":{"start":{"line":1398,"column":74},"end":{"line":1402,"column":17}},"line":1398}},"branchMap":{"0":{"loc":{"start":{"line":83,"column":8},"end":{"line":83,"column":31}},"type":"if","locations":[{"start":{"line":83,"column":8},"end":{"line":83,"column":31}},{"start":{},"end":{}}],"line":83},"1":{"loc":{"start":{"line":88,"column":8},"end":{"line":96,"column":9}},"type":"if","locations":[{"start":{"line":88,"column":8},"end":{"line":96,"column":9}},{"start":{},"end":{}}],"line":88},"2":{"loc":{"start":{"line":101,"column":8},"end":{"line":109,"column":9}},"type":"if","locations":[{"start":{"line":101,"column":8},"end":{"line":109,"column":9}},{"start":{},"end":{}}],"line":101},"3":{"loc":{"start":{"line":114,"column":8},"end":{"line":122,"column":9}},"type":"if","locations":[{"start":{"line":114,"column":8},"end":{"line":122,"column":9}},{"start":{},"end":{}}],"line":114},"4":{"loc":{"start":{"line":127,"column":8},"end":{"line":135,"column":9}},"type":"if","locations":[{"start":{"line":127,"column":8},"end":{"line":135,"column":9}},{"start":{},"end":{}}],"line":127},"5":{"loc":{"start":{"line":140,"column":8},"end":{"line":151,"column":9}},"type":"if","locations":[{"start":{"line":140,"column":8},"end":{"line":151,"column":9}},{"start":{},"end":{}}],"line":140},"6":{"loc":{"start":{"line":142,"column":12},"end":{"line":150,"column":13}},"type":"if","locations":[{"start":{"line":142,"column":12},"end":{"line":150,"column":13}},{"start":{},"end":{}}],"line":142},"7":{"loc":{"start":{"line":156,"column":8},"end":{"line":169,"column":9}},"type":"if","locations":[{"start":{"line":156,"column":8},"end":{"line":169,"column":9}},{"start":{},"end":{}}],"line":156},"8":{"loc":{"start":{"line":156,"column":12},"end":{"line":156,"column":47}},"type":"binary-expr","locations":[{"start":{"line":156,"column":12},"end":{"line":156,"column":17}},{"start":{"line":156,"column":21},"end":{"line":156,"column":47}}],"line":156},"9":{"loc":{"start":{"line":159,"column":12},"end":{"line":168,"column":13}},"type":"if","locations":[{"start":{"line":159,"column":12},"end":{"line":168,"column":13}},{"start":{},"end":{}}],"line":159},"10":{"loc":{"start":{"line":159,"column":16},"end":{"line":160,"column":95}},"type":"binary-expr","locations":[{"start":{"line":159,"column":16},"end":{"line":159,"column":35}},{"start":{"line":159,"column":39},"end":{"line":159,"column":58}},{"start":{"line":159,"column":62},"end":{"line":159,"column":81}},{"start":{"line":159,"column":85},"end":{"line":159,"column":101}},{"start":{"line":160,"column":16},"end":{"line":160,"column":55}},{"start":{"line":160,"column":59},"end":{"line":160,"column":95}}],"line":159},"11":{"loc":{"start":{"line":174,"column":8},"end":{"line":182,"column":9}},"type":"if","locations":[{"start":{"line":174,"column":8},"end":{"line":182,"column":9}},{"start":{},"end":{}}],"line":174},"12":{"loc":{"start":{"line":187,"column":8},"end":{"line":195,"column":9}},"type":"if","locations":[{"start":{"line":187,"column":8},"end":{"line":195,"column":9}},{"start":{},"end":{}}],"line":187},"13":{"loc":{"start":{"line":201,"column":35},"end":{"line":201,"column":47}},"type":"default-arg","locations":[{"start":{"line":201,"column":45},"end":{"line":201,"column":47}}],"line":201},"14":{"loc":{"start":{"line":201,"column":49},"end":{"line":201,"column":63}},"type":"default-arg","locations":[{"start":{"line":201,"column":58},"end":{"line":201,"column":63}}],"line":201},"15":{"loc":{"start":{"line":201,"column":65},"end":{"line":201,"column":81}},"type":"default-arg","locations":[{"start":{"line":201,"column":76},"end":{"line":201,"column":81}}],"line":201},"16":{"loc":{"start":{"line":206,"column":8},"end":{"line":208,"column":9}},"type":"if","locations":[{"start":{"line":206,"column":8},"end":{"line":208,"column":9}},{"start":{},"end":{}}],"line":206},"17":{"loc":{"start":{"line":213,"column":12},"end":{"line":215,"column":13}},"type":"if","locations":[{"start":{"line":213,"column":12},"end":{"line":215,"column":13}},{"start":{},"end":{}}],"line":213},"18":{"loc":{"start":{"line":219,"column":12},"end":{"line":224,"column":13}},"type":"if","locations":[{"start":{"line":219,"column":12},"end":{"line":224,"column":13}},{"start":{},"end":{}}],"line":219},"19":{"loc":{"start":{"line":220,"column":16},"end":{"line":222,"column":17}},"type":"if","locations":[{"start":{"line":220,"column":16},"end":{"line":222,"column":17}},{"start":{},"end":{}}],"line":220},"20":{"loc":{"start":{"line":228,"column":12},"end":{"line":230,"column":13}},"type":"if","locations":[{"start":{"line":228,"column":12},"end":{"line":230,"column":13}},{"start":{},"end":{}}],"line":228},"21":{"loc":{"start":{"line":228,"column":16},"end":{"line":228,"column":52}},"type":"binary-expr","locations":[{"start":{"line":228,"column":16},"end":{"line":228,"column":26}},{"start":{"line":228,"column":30},"end":{"line":228,"column":52}}],"line":228},"22":{"loc":{"start":{"line":238,"column":16},"end":{"line":249,"column":17}},"type":"if","locations":[{"start":{"line":238,"column":16},"end":{"line":249,"column":17}},{"start":{},"end":{}}],"line":238},"23":{"loc":{"start":{"line":238,"column":20},"end":{"line":238,"column":65}},"type":"binary-expr","locations":[{"start":{"line":238,"column":20},"end":{"line":238,"column":27}},{"start":{"line":238,"column":31},"end":{"line":238,"column":65}}],"line":238},"24":{"loc":{"start":{"line":239,"column":20},"end":{"line":248,"column":21}},"type":"if","locations":[{"start":{"line":239,"column":20},"end":{"line":248,"column":21}},{"start":{"line":242,"column":27},"end":{"line":248,"column":21}}],"line":239},"25":{"loc":{"start":{"line":239,"column":24},"end":{"line":239,"column":85}},"type":"binary-expr","locations":[{"start":{"line":239,"column":24},"end":{"line":239,"column":32}},{"start":{"line":239,"column":36},"end":{"line":239,"column":49}},{"start":{"line":239,"column":53},"end":{"line":239,"column":85}}],"line":239},"26":{"loc":{"start":{"line":242,"column":27},"end":{"line":248,"column":21}},"type":"if","locations":[{"start":{"line":242,"column":27},"end":{"line":248,"column":21}},{"start":{"line":245,"column":27},"end":{"line":248,"column":21}}],"line":242},"27":{"loc":{"start":{"line":242,"column":31},"end":{"line":242,"column":88}},"type":"binary-expr","locations":[{"start":{"line":242,"column":31},"end":{"line":242,"column":37}},{"start":{"line":242,"column":41},"end":{"line":242,"column":54}},{"start":{"line":242,"column":58},"end":{"line":242,"column":88}}],"line":242},"28":{"loc":{"start":{"line":245,"column":27},"end":{"line":248,"column":21}},"type":"if","locations":[{"start":{"line":245,"column":27},"end":{"line":248,"column":21}},{"start":{},"end":{}}],"line":245},"29":{"loc":{"start":{"line":245,"column":31},"end":{"line":245,"column":105}},"type":"binary-expr","locations":[{"start":{"line":245,"column":31},"end":{"line":245,"column":38}},{"start":{"line":245,"column":42},"end":{"line":245,"column":51}},{"start":{"line":245,"column":55},"end":{"line":245,"column":68}},{"start":{"line":245,"column":72},"end":{"line":245,"column":105}}],"line":245},"30":{"loc":{"start":{"line":253,"column":12},"end":{"line":276,"column":13}},"type":"if","locations":[{"start":{"line":253,"column":12},"end":{"line":276,"column":13}},{"start":{},"end":{}}],"line":253},"31":{"loc":{"start":{"line":254,"column":16},"end":{"line":275,"column":17}},"type":"switch","locations":[{"start":{"line":255,"column":16},"end":{"line":257,"column":26}},{"start":{"line":258,"column":16},"end":{"line":260,"column":26}},{"start":{"line":261,"column":16},"end":{"line":263,"column":26}},{"start":{"line":264,"column":16},"end":{"line":266,"column":26}},{"start":{"line":267,"column":16},"end":{"line":269,"column":26}},{"start":{"line":270,"column":16},"end":{"line":272,"column":26}},{"start":{"line":273,"column":16},"end":{"line":274,"column":86}}],"line":254},"32":{"loc":{"start":{"line":256,"column":28},"end":{"line":256,"column":85}},"type":"cond-expr","locations":[{"start":{"line":256,"column":37},"end":{"line":256,"column":62}},{"start":{"line":256,"column":65},"end":{"line":256,"column":85}}],"line":256},"33":{"loc":{"start":{"line":259,"column":28},"end":{"line":259,"column":85}},"type":"cond-expr","locations":[{"start":{"line":259,"column":37},"end":{"line":259,"column":62}},{"start":{"line":259,"column":65},"end":{"line":259,"column":85}}],"line":259},"34":{"loc":{"start":{"line":262,"column":28},"end":{"line":262,"column":85}},"type":"cond-expr","locations":[{"start":{"line":262,"column":37},"end":{"line":262,"column":62}},{"start":{"line":262,"column":65},"end":{"line":262,"column":85}}],"line":262},"35":{"loc":{"start":{"line":265,"column":28},"end":{"line":265,"column":85}},"type":"cond-expr","locations":[{"start":{"line":265,"column":37},"end":{"line":265,"column":62}},{"start":{"line":265,"column":65},"end":{"line":265,"column":85}}],"line":265},"36":{"loc":{"start":{"line":268,"column":28},"end":{"line":268,"column":85}},"type":"cond-expr","locations":[{"start":{"line":268,"column":37},"end":{"line":268,"column":62}},{"start":{"line":268,"column":65},"end":{"line":268,"column":85}}],"line":268},"37":{"loc":{"start":{"line":271,"column":28},"end":{"line":271,"column":85}},"type":"cond-expr","locations":[{"start":{"line":271,"column":37},"end":{"line":271,"column":62}},{"start":{"line":271,"column":65},"end":{"line":271,"column":85}}],"line":271},"38":{"loc":{"start":{"line":274,"column":28},"end":{"line":274,"column":85}},"type":"cond-expr","locations":[{"start":{"line":274,"column":37},"end":{"line":274,"column":62}},{"start":{"line":274,"column":65},"end":{"line":274,"column":85}}],"line":274},"39":{"loc":{"start":{"line":279,"column":12},"end":{"line":281,"column":13}},"type":"if","locations":[{"start":{"line":279,"column":12},"end":{"line":281,"column":13}},{"start":{},"end":{}}],"line":279},"40":{"loc":{"start":{"line":279,"column":16},"end":{"line":279,"column":42}},"type":"binary-expr","locations":[{"start":{"line":279,"column":16},"end":{"line":279,"column":22}},{"start":{"line":279,"column":26},"end":{"line":279,"column":42}}],"line":279},"41":{"loc":{"start":{"line":280,"column":24},"end":{"line":280,"column":126}},"type":"binary-expr","locations":[{"start":{"line":280,"column":24},"end":{"line":280,"column":44}},{"start":{"line":280,"column":48},"end":{"line":280,"column":73}},{"start":{"line":280,"column":77},"end":{"line":280,"column":97}},{"start":{"line":280,"column":101},"end":{"line":280,"column":126}}],"line":280},"42":{"loc":{"start":{"line":314,"column":8},"end":{"line":320,"column":9}},"type":"if","locations":[{"start":{"line":314,"column":8},"end":{"line":320,"column":9}},{"start":{},"end":{}}],"line":314},"43":{"loc":{"start":{"line":325,"column":12},"end":{"line":335,"column":13}},"type":"if","locations":[{"start":{"line":325,"column":12},"end":{"line":335,"column":13}},{"start":{"line":330,"column":19},"end":{"line":335,"column":13}}],"line":325},"44":{"loc":{"start":{"line":327,"column":26},"end":{"line":327,"column":49}},"type":"binary-expr","locations":[{"start":{"line":327,"column":26},"end":{"line":327,"column":43}},{"start":{"line":327,"column":47},"end":{"line":327,"column":49}}],"line":327},"45":{"loc":{"start":{"line":328,"column":25},"end":{"line":328,"column":52}},"type":"binary-expr","locations":[{"start":{"line":328,"column":25},"end":{"line":328,"column":43}},{"start":{"line":328,"column":47},"end":{"line":328,"column":52}}],"line":328},"46":{"loc":{"start":{"line":329,"column":27},"end":{"line":329,"column":56}},"type":"binary-expr","locations":[{"start":{"line":329,"column":27},"end":{"line":329,"column":47}},{"start":{"line":329,"column":51},"end":{"line":329,"column":56}}],"line":329},"47":{"loc":{"start":{"line":332,"column":26},"end":{"line":332,"column":40}},"type":"binary-expr","locations":[{"start":{"line":332,"column":26},"end":{"line":332,"column":34}},{"start":{"line":332,"column":38},"end":{"line":332,"column":40}}],"line":332},"48":{"loc":{"start":{"line":333,"column":25},"end":{"line":333,"column":43}},"type":"binary-expr","locations":[{"start":{"line":333,"column":25},"end":{"line":333,"column":34}},{"start":{"line":333,"column":38},"end":{"line":333,"column":43}}],"line":333},"49":{"loc":{"start":{"line":334,"column":27},"end":{"line":334,"column":47}},"type":"binary-expr","locations":[{"start":{"line":334,"column":27},"end":{"line":334,"column":38}},{"start":{"line":334,"column":42},"end":{"line":334,"column":47}}],"line":334},"50":{"loc":{"start":{"line":341,"column":12},"end":{"line":343,"column":13}},"type":"if","locations":[{"start":{"line":341,"column":12},"end":{"line":343,"column":13}},{"start":{},"end":{}}],"line":341},"51":{"loc":{"start":{"line":345,"column":12},"end":{"line":367,"column":13}},"type":"if","locations":[{"start":{"line":345,"column":12},"end":{"line":367,"column":13}},{"start":{"line":361,"column":19},"end":{"line":367,"column":13}}],"line":345},"52":{"loc":{"start":{"line":348,"column":16},"end":{"line":348,"column":63}},"type":"if","locations":[{"start":{"line":348,"column":16},"end":{"line":348,"column":63}},{"start":{},"end":{}}],"line":348},"53":{"loc":{"start":{"line":349,"column":16},"end":{"line":349,"column":67}},"type":"if","locations":[{"start":{"line":349,"column":16},"end":{"line":349,"column":67}},{"start":{},"end":{}}],"line":349},"54":{"loc":{"start":{"line":353,"column":33},"end":{"line":353,"column":70}},"type":"cond-expr","locations":[{"start":{"line":353,"column":61},"end":{"line":353,"column":64}},{"start":{"line":353,"column":67},"end":{"line":353,"column":70}}],"line":353},"55":{"loc":{"start":{"line":370,"column":12},"end":{"line":372,"column":13}},"type":"if","locations":[{"start":{"line":370,"column":12},"end":{"line":372,"column":13}},{"start":{},"end":{}}],"line":370},"56":{"loc":{"start":{"line":382,"column":25},"end":{"line":382,"column":48}},"type":"default-arg","locations":[{"start":{"line":382,"column":43},"end":{"line":382,"column":48}}],"line":382},"57":{"loc":{"start":{"line":393,"column":12},"end":{"line":393,"column":39}},"type":"if","locations":[{"start":{"line":393,"column":12},"end":{"line":393,"column":39}},{"start":{},"end":{}}],"line":393},"58":{"loc":{"start":{"line":396,"column":12},"end":{"line":402,"column":13}},"type":"if","locations":[{"start":{"line":396,"column":12},"end":{"line":402,"column":13}},{"start":{},"end":{}}],"line":396},"59":{"loc":{"start":{"line":398,"column":16},"end":{"line":400,"column":17}},"type":"if","locations":[{"start":{"line":398,"column":16},"end":{"line":400,"column":17}},{"start":{},"end":{}}],"line":398},"60":{"loc":{"start":{"line":405,"column":12},"end":{"line":407,"column":13}},"type":"if","locations":[{"start":{"line":405,"column":12},"end":{"line":407,"column":13}},{"start":{},"end":{}}],"line":405},"61":{"loc":{"start":{"line":405,"column":16},"end":{"line":405,"column":46}},"type":"binary-expr","locations":[{"start":{"line":405,"column":16},"end":{"line":405,"column":27}},{"start":{"line":405,"column":31},"end":{"line":405,"column":46}}],"line":405},"62":{"loc":{"start":{"line":410,"column":12},"end":{"line":414,"column":13}},"type":"if","locations":[{"start":{"line":410,"column":12},"end":{"line":414,"column":13}},{"start":{"line":412,"column":19},"end":{"line":414,"column":13}}],"line":410},"63":{"loc":{"start":{"line":410,"column":16},"end":{"line":410,"column":57}},"type":"binary-expr","locations":[{"start":{"line":410,"column":16},"end":{"line":410,"column":20}},{"start":{"line":410,"column":24},"end":{"line":410,"column":33}},{"start":{"line":410,"column":37},"end":{"line":410,"column":57}}],"line":410},"64":{"loc":{"start":{"line":420,"column":24},"end":{"line":420,"column":45}},"type":"default-arg","locations":[{"start":{"line":420,"column":40},"end":{"line":420,"column":45}}],"line":420},"65":{"loc":{"start":{"line":421,"column":8},"end":{"line":423,"column":9}},"type":"if","locations":[{"start":{"line":421,"column":8},"end":{"line":423,"column":9}},{"start":{},"end":{}}],"line":421},"66":{"loc":{"start":{"line":425,"column":30},"end":{"line":425,"column":60}},"type":"cond-expr","locations":[{"start":{"line":425,"column":42},"end":{"line":425,"column":48}},{"start":{"line":425,"column":51},"end":{"line":425,"column":60}}],"line":425},"67":{"loc":{"start":{"line":427,"column":20},"end":{"line":427,"column":41}},"type":"binary-expr","locations":[{"start":{"line":427,"column":20},"end":{"line":427,"column":28}},{"start":{"line":427,"column":32},"end":{"line":427,"column":41}}],"line":427},"68":{"loc":{"start":{"line":428,"column":23},"end":{"line":428,"column":47}},"type":"binary-expr","locations":[{"start":{"line":428,"column":23},"end":{"line":428,"column":34}},{"start":{"line":428,"column":38},"end":{"line":428,"column":47}}],"line":428},"69":{"loc":{"start":{"line":430,"column":32},"end":{"line":430,"column":68}},"type":"cond-expr","locations":[{"start":{"line":430,"column":46},"end":{"line":430,"column":54}},{"start":{"line":430,"column":57},"end":{"line":430,"column":68}}],"line":430},"70":{"loc":{"start":{"line":441,"column":8},"end":{"line":444,"column":9}},"type":"if","locations":[{"start":{"line":441,"column":8},"end":{"line":444,"column":9}},{"start":{},"end":{}}],"line":441},"71":{"loc":{"start":{"line":441,"column":12},"end":{"line":441,"column":58}},"type":"binary-expr","locations":[{"start":{"line":441,"column":12},"end":{"line":441,"column":32}},{"start":{"line":441,"column":36},"end":{"line":441,"column":58}}],"line":441},"72":{"loc":{"start":{"line":460,"column":12},"end":{"line":465,"column":13}},"type":"if","locations":[{"start":{"line":460,"column":12},"end":{"line":465,"column":13}},{"start":{"line":462,"column":19},"end":{"line":465,"column":13}}],"line":460},"73":{"loc":{"start":{"line":467,"column":8},"end":{"line":479,"column":9}},"type":"if","locations":[{"start":{"line":467,"column":8},"end":{"line":479,"column":9}},{"start":{},"end":{}}],"line":467},"74":{"loc":{"start":{"line":471,"column":16},"end":{"line":477,"column":17}},"type":"if","locations":[{"start":{"line":471,"column":16},"end":{"line":477,"column":17}},{"start":{"line":475,"column":23},"end":{"line":477,"column":17}}],"line":471},"75":{"loc":{"start":{"line":472,"column":20},"end":{"line":474,"column":21}},"type":"if","locations":[{"start":{"line":472,"column":20},"end":{"line":474,"column":21}},{"start":{},"end":{}}],"line":472},"76":{"loc":{"start":{"line":483,"column":12},"end":{"line":487,"column":13}},"type":"if","locations":[{"start":{"line":483,"column":12},"end":{"line":487,"column":13}},{"start":{"line":485,"column":19},"end":{"line":487,"column":13}}],"line":483},"77":{"loc":{"start":{"line":489,"column":8},"end":{"line":501,"column":9}},"type":"if","locations":[{"start":{"line":489,"column":8},"end":{"line":501,"column":9}},{"start":{},"end":{}}],"line":489},"78":{"loc":{"start":{"line":493,"column":16},"end":{"line":499,"column":17}},"type":"if","locations":[{"start":{"line":493,"column":16},"end":{"line":499,"column":17}},{"start":{"line":497,"column":23},"end":{"line":499,"column":17}}],"line":493},"79":{"loc":{"start":{"line":494,"column":20},"end":{"line":496,"column":21}},"type":"if","locations":[{"start":{"line":494,"column":20},"end":{"line":496,"column":21}},{"start":{},"end":{}}],"line":494},"80":{"loc":{"start":{"line":509,"column":12},"end":{"line":532,"column":13}},"type":"if","locations":[{"start":{"line":509,"column":12},"end":{"line":532,"column":13}},{"start":{"line":517,"column":19},"end":{"line":532,"column":13}}],"line":509},"81":{"loc":{"start":{"line":520,"column":16},"end":{"line":526,"column":17}},"type":"if","locations":[{"start":{"line":520,"column":16},"end":{"line":526,"column":17}},{"start":{},"end":{}}],"line":520},"82":{"loc":{"start":{"line":522,"column":24},"end":{"line":524,"column":25}},"type":"if","locations":[{"start":{"line":522,"column":24},"end":{"line":524,"column":25}},{"start":{},"end":{}}],"line":522},"83":{"loc":{"start":{"line":564,"column":8},"end":{"line":573,"column":9}},"type":"if","locations":[{"start":{"line":564,"column":8},"end":{"line":573,"column":9}},{"start":{},"end":{}}],"line":564},"84":{"loc":{"start":{"line":568,"column":24},"end":{"line":568,"column":70}},"type":"cond-expr","locations":[{"start":{"line":568,"column":43},"end":{"line":568,"column":52}},{"start":{"line":568,"column":55},"end":{"line":568,"column":70}}],"line":568},"85":{"loc":{"start":{"line":569,"column":21},"end":{"line":569,"column":139}},"type":"cond-expr","locations":[{"start":{"line":569,"column":40},"end":{"line":569,"column":82}},{"start":{"line":569,"column":85},"end":{"line":569,"c
[...]
olumn":61}},"type":"binary-expr","locations":[{"start":{"line":1194,"column":33},"end":{"line":1194,"column":48}},{"start":{"line":1194,"column":52},"end":{"line":1194,"column":61}}],"line":1194},"173":{"loc":{"start":{"line":1195,"column":33},"end":{"line":1195,"column":65}},"type":"binary-expr","locations":[{"start":{"line":1195,"column":33},"end":{"line":1195,"column":47}},{"start":{"line":1195,"column":51},"end":{"line":1195,"column":59}},{"start":{"line":1195,"column":63},"end":{"line":1195,"column":65}}],"line":1195},"174":{"loc":{"start":{"line":1196,"column":35},"end":{"line":1196,"column":121}},"type":"binary-expr","locations":[{"start":{"line":1196,"column":35},"end":{"line":1196,"column":48}},{"start":{"line":1196,"column":52},"end":{"line":1196,"column":69}},{"start":{"line":1196,"column":73},"end":{"line":1196,"column":100}},{"start":{"line":1196,"column":104},"end":{"line":1196,"column":115}},{"start":{"line":1196,"column":119},"end":{"line":1196,"column":121}}],"line":1196},"175":{"loc":{"start":{"line":1199,"column":35},"end":{"line":1203,"column":38}},"type":"binary-expr","locations":[{"start":{"line":1199,"column":35},"end":{"line":1199,"column":52}},{"start":{"line":1200,"column":33},"end":{"line":1200,"column":61}},{"start":{"line":1201,"column":33},"end":{"line":1201,"column":68}},{"start":{"line":1202,"column":33},"end":{"line":1202,"column":44}},{"start":{"line":1203,"column":33},"end":{"line":1203,"column":38}}],"line":1199},"176":{"loc":{"start":{"line":1206,"column":37},"end":{"line":1210,"column":40}},"type":"binary-expr","locations":[{"start":{"line":1206,"column":37},"end":{"line":1206,"column":67}},{"start":{"line":1207,"column":35},"end":{"line":1207,"column":70}},{"start":{"line":1208,"column":35},"end":{"line":1208,"column":61}},{"start":{"line":1209,"column":35},"end":{"line":1209,"column":48}},{"start":{"line":1210,"column":35},"end":{"line":1210,"column":40}}],"line":1206},"177":{"loc":{"start":{"line":1213,"column":20},"end":{"line":1215,"column":21}},"type":"if","locations":[{"start":{"line":1213,"column":20},"end":{"line":1215,"column":21}},{"start":{},"end":{}}],"line":1213},"178":{"loc":{"start":{"line":1216,"column":20},"end":{"line":1220,"column":21}},"type":"if","locations":[{"start":{"line":1216,"column":20},"end":{"line":1220,"column":21}},{"start":{"line":1218,"column":27},"end":{"line":1220,"column":21}}],"line":1216},"179":{"loc":{"start":{"line":1218,"column":27},"end":{"line":1220,"column":21}},"type":"if","locations":[{"start":{"line":1218,"column":27},"end":{"line":1220,"column":21}},{"start":{},"end":{}}],"line":1218},"180":{"loc":{"start":{"line":1227,"column":19},"end":{"line":1276,"column":13}},"type":"if","locations":[{"start":{"line":1227,"column":19},"end":{"line":1276,"column":13}},{"start":{"line":1267,"column":19},"end":{"line":1276,"column":13}}],"line":1227},"181":{"loc":{"start":{"line":1227,"column":23},"end":{"line":1227,"column":60}},"type":"binary-expr","locations":[{"start":{"line":1227,"column":23},"end":{"line":1227,"column":32}},{"start":{"line":1227,"column":36},"end":{"line":1227,"column":60}}],"line":1227},"182":{"loc":{"start":{"line":1232,"column":37},"end":{"line":1232,"column":55}},"type":"binary-expr","locations":[{"start":{"line":1232,"column":37},"end":{"line":1232,"column":50}},{"start":{"line":1232,"column":54},"end":{"line":1232,"column":55}}],"line":1232},"183":{"loc":{"start":{"line":1233,"column":33},"end":{"line":1233,"column":61}},"type":"binary-expr","locations":[{"start":{"line":1233,"column":33},"end":{"line":1233,"column":48}},{"start":{"line":1233,"column":52},"end":{"line":1233,"column":61}}],"line":1233},"184":{"loc":{"start":{"line":1234,"column":33},"end":{"line":1234,"column":65}},"type":"binary-expr","locations":[{"start":{"line":1234,"column":33},"end":{"line":1234,"column":47}},{"start":{"line":1234,"column":51},"end":{"line":1234,"column":59}},{"start":{"line":1234,"column":63},"end":{"line":1234,"column":65}}],"line":1234},"185":{"loc":{"start":{"line":1235,"column":35},"end":{"line":1235,"column":121}},"type":"binary-expr","locations":[{"start":{"line":1235,"column":35},"end":{"line":1235,"column":48}},{"start":{"line":1235,"column":52},"end":{"line":1235,"column":69}},{"start":{"line":1235,"column":73},"end":{"line":1235,"column":100}},{"start":{"line":1235,"column":104},"end":{"line":1235,"column":115}},{"start":{"line":1235,"column":119},"end":{"line":1235,"column":121}}],"line":1235},"186":{"loc":{"start":{"line":1238,"column":35},"end":{"line":1242,"column":38}},"type":"binary-expr","locations":[{"start":{"line":1238,"column":35},"end":{"line":1238,"column":52}},{"start":{"line":1239,"column":33},"end":{"line":1239,"column":61}},{"start":{"line":1240,"column":33},"end":{"line":1240,"column":68}},{"start":{"line":1241,"column":33},"end":{"line":1241,"column":44}},{"start":{"line":1242,"column":33},"end":{"line":1242,"column":38}}],"line":1238},"187":{"loc":{"start":{"line":1245,"column":37},"end":{"line":1249,"column":40}},"type":"binary-expr","locations":[{"start":{"line":1245,"column":37},"end":{"line":1245,"column":67}},{"start":{"line":1246,"column":35},"end":{"line":1246,"column":70}},{"start":{"line":1247,"column":35},"end":{"line":1247,"column":61}},{"start":{"line":1248,"column":35},"end":{"line":1248,"column":48}},{"start":{"line":1249,"column":35},"end":{"line":1249,"column":40}}],"line":1245},"188":{"loc":{"start":{"line":1252,"column":20},"end":{"line":1254,"column":21}},"type":"if","locations":[{"start":{"line":1252,"column":20},"end":{"line":1254,"column":21}},{"start":{},"end":{}}],"line":1252},"189":{"loc":{"start":{"line":1255,"column":20},"end":{"line":1259,"column":21}},"type":"if","locations":[{"start":{"line":1255,"column":20},"end":{"line":1259,"column":21}},{"start":{"line":1257,"column":27},"end":{"line":1259,"column":21}}],"line":1255},"190":{"loc":{"start":{"line":1257,"column":27},"end":{"line":1259,"column":21}},"type":"if","locations":[{"start":{"line":1257,"column":27},"end":{"line":1259,"column":21}},{"start":{},"end":{}}],"line":1257},"191":{"loc":{"start":{"line":1267,"column":19},"end":{"line":1276,"column":13}},"type":"if","locations":[{"start":{"line":1267,"column":19},"end":{"line":1276,"column":13}},{"start":{"line":1270,"column":19},"end":{"line":1276,"column":13}}],"line":1267},"192":{"loc":{"start":{"line":1274,"column":93},"end":{"line":1274,"column":118}},"type":"cond-expr","locations":[{"start":{"line":1274,"column":107},"end":{"line":1274,"column":113}},{"start":{"line":1274,"column":116},"end":{"line":1274,"column":118}}],"line":1274},"193":{"loc":{"start":{"line":1285,"column":30},"end":{"line":1285,"column":39}},"type":"default-arg","locations":[{"start":{"line":1285,"column":37},"end":{"line":1285,"column":39}}],"line":1285},"194":{"loc":{"start":{"line":1288,"column":8},"end":{"line":1308,"column":9}},"type":"if","locations":[{"start":{"line":1288,"column":8},"end":{"line":1308,"column":9}},{"start":{},"end":{}}],"line":1288},"195":{"loc":{"start":{"line":1288,"column":12},"end":{"line":1288,"column":53}},"type":"binary-expr","locations":[{"start":{"line":1288,"column":12},"end":{"line":1288,"column":36}},{"start":{"line":1288,"column":40},"end":{"line":1288,"column":53}}],"line":1288},"196":{"loc":{"start":{"line":1290,"column":36},"end":{"line":1290,"column":65}},"type":"cond-expr","locations":[{"start":{"line":1290,"column":43},"end":{"line":1290,"column":59}},{"start":{"line":1290,"column":62},"end":{"line":1290,"column":65}}],"line":1290},"197":{"loc":{"start":{"line":1292,"column":16},"end":{"line":1306,"column":17}},"type":"if","locations":[{"start":{"line":1292,"column":16},"end":{"line":1306,"column":17}},{"start":{"line":1303,"column":23},"end":{"line":1306,"column":17}}],"line":1292},"198":{"loc":{"start":{"line":1292,"column":20},"end":{"line":1294,"column":48}},"type":"binary-expr","locations":[{"start":{"line":1292,"column":20},"end":{"line":1292,"column":34}},{"start":{"line":1292,"column":38},"end":{"line":1292,"column":63}},{"start":{"line":1293,"column":21},"end":{"line":1293,"column":34}},{"start":{"line":1293,"column":38},"end":{"line":1293,"column":57}},{"start":{"line":1294,"column":21},"end":{"line":1294,"column":29}},{"start":{"line":1294,"column":33},"end":{"line":1294,"column":47}}],"line":1292},"199":{"loc":{"start":{"line":1297,"column":34},"end":{"line":1297,"column":52}},"type":"binary-expr","locations":[{"start":{"line":1297,"column":34},"end":{"line":1297,"column":47}},{"start":{"line":1297,"column":51},"end":{"line":1297,"column":52}}],"line":1297},"200":{"loc":{"start":{"line":1299,"column":29},"end":{"line":1299,"column":68}},"type":"binary-expr","locations":[{"start":{"line":1299,"column":29},"end":{"line":1299,"column":37}},{"start":{"line":1299,"column":41},"end":{"line":1299,"column":55}},{"start":{"line":1299,"column":59},"end":{"line":1299,"column":68}}],"line":1299},"201":{"loc":{"start":{"line":1300,"column":32},"end":{"line":1300,"column":70}},"type":"binary-expr","locations":[{"start":{"line":1300,"column":32},"end":{"line":1300,"column":43}},{"start":{"line":1300,"column":47},"end":{"line":1300,"column":64}},{"start":{"line":1300,"column":68},"end":{"line":1300,"column":70}}],"line":1300},"202":{"loc":{"start":{"line":1301,"column":32},"end":{"line":1301,"column":73}},"type":"binary-expr","locations":[{"start":{"line":1301,"column":32},"end":{"line":1301,"column":43}},{"start":{"line":1301,"column":47},"end":{"line":1301,"column":64}},{"start":{"line":1301,"column":68},"end":{"line":1301,"column":73}}],"line":1301},"203":{"loc":{"start":{"line":1303,"column":23},"end":{"line":1306,"column":17}},"type":"if","locations":[{"start":{"line":1303,"column":23},"end":{"line":1306,"column":17}},{"start":{},"end":{}}],"line":1303},"204":{"loc":{"start":{"line":1328,"column":8},"end":{"line":1332,"column":9}},"type":"if","locations":[{"start":{"line":1328,"column":8},"end":{"line":1332,"column":9}},{"start":{"line":1330,"column":15},"end":{"line":1332,"column":9}}],"line":1328},"205":{"loc":{"start":{"line":1337,"column":8},"end":{"line":1341,"column":9}},"type":"if","locations":[{"start":{"line":1337,"column":8},"end":{"line":1341,"column":9}},{"start":{"line":1339,"column":15},"end":{"line":1341,"column":9}}],"line":1337},"206":{"loc":{"start":{"line":1347,"column":8},"end":{"line":1355,"column":9}},"type":"if","locations":[{"start":{"line":1347,"column":8},"end":{"line":1355,"column":9}},{"start":{},"end":{}}],"line":1347},"207":{"loc":{"start":{"line":1367,"column":8},"end":{"line":1371,"column":9}},"type":"if","locations":[{"start":{"line":1367,"column":8},"end":{"line":1371,"column":9}},{"start":{"line":1369,"column":15},"end":{"line":1371,"column":9}}],"line":1367},"208":{"loc":{"start":{"line":1376,"column":8},"end":{"line":1380,"column":9}},"type":"if","locations":[{"start":{"line":1376,"column":8},"end":{"line":1380,"column":9}},{"start":{"line":1378,"column":15},"end":{"line":1380,"column":9}}],"line":1376},"209":{"loc":{"start":{"line":1386,"column":8},"end":{"line":1410,"column":9}},"type":"if","locations":[{"start":{"line":1386,"column":8},"end":{"line":1410,"column":9}},{"start":{"line":1395,"column":15},"end":{"line":1410,"column":9}}],"line":1386},"210":{"loc":{"start":{"line":1387,"column":12},"end":{"line":1394,"column":13}},"type":"if","locations":[{"start":{"line":1387,"column":12},"end":{"line":1394,"column":13}},{"start":{},"end":{}}],"line":1387},"211":{"loc":{"start":{"line":1397,"column":12},"end":{"line":1403,"column":13}},"type":"if","locations":[{"start":{"line":1397,"column":12},"end":{"line":1403,"column":13}},{"start":{},"end":{}}],"line":1397},"212":{"loc":{"start":{"line":1399,"column":20},"end":{"line":1401,"column":21}},"type":"if","locations":[{"start":{"line":1399,"column":20},"end":{"line":1401,"column":21}},{"start":{},"end":{}}],"line":1399}},"s":{"0":0,"1":0,"2":0,"3":0,"4":0,"5":0,"6":0,"7":0,"8":0,"9":0,"10":0,"11":0,"12":0,"13":0,"14":0,"15":0,"16":0,"17":0,"18":0,"19":0,"20":0,"21":0,"22":0,"23":0,"24":0,"25":0,"26":0,"27":0,"28":0,"29":0,"30":0,"31":0,"32":0,"33":0,"34":0,"35":0,"36":0,"37":0,"38":0,"39":0,"40":0,"41":0,"42":0,"43":0,"44":0,"45":0,"46":0,"47":0,"48":0,"49":0,"50":0,"51":0,"52":0,"53":0,"54":0,"55":0,"56":0,"57":0,"58":0,"59":0,"60":0,"61":0,"62":0,"63":0,"64":0,"65":0,"66":0,"67":0,"68":0,"69":0,"70":0,"71":0,"72":0,"73":0,"74":0,"75":0,"76":0,"77":0,"78":0,"79":0,"80":0,"81":0,"82":0,"83":0,"84":0,"85":0,"86":0,"87":0,"88":0,"89":0,"90":0,"91":0,"92":0,"93":0,"94":0,"95":0,"96":0,"97":0,"98":0,"99":0,"100":0,"101":0,"102":0,"103":0,"104":0,"105":0,"106":0,"107":0,"108":0,"109":0,"110":0,"111":0,"112":0,"113":0,"114":0,"115":0,"116":0,"117":0,"118":0,"119":0,"120":0,"121":0,"122":0,"123":0,"124":0,"125":0,"126":0,"127":0,"128":0,"129":0,"130":0,"131":0,"132":0,"133":0,"134":0,"135":0,"136":0,"137":0,"138":0,"139":0,"140":0,"141":0,"142":0,"143":0,"144":0,"145":0,"146":0,"147":0,"148":0,"149":0,"150":0,"151":0,"152":0,"153":0,"154":0,"155":0,"156":0,"157":0,"158":0,"159":0,"160":0,"161":0,"162":0,"163":0,"164":0,"165":0,"166":0,"167":0,"168":0,"169":0,"170":0,"171":0,"172":0,"173":0,"174":0,"175":0,"176":0,"177":0,"178":0,"179":0,"180":0,"181":0,"182":0,"183":0,"184":0,"185":0,"186":0,"187":0,"188":0,"189":0,"190":0,"191":0,"192":0,"193":0,"194":0,"195":0,"196":0,"197":0,"198":0,"199":0,"200":0,"201":0,"202":0,"203":0,"204":0,"205":0,"206":0,"207":0,"208":0,"209":0,"210":0,"211":0,"212":0,"213":0,"214":0,"215":0,"216":0,"217":0,"218":0,"219":0,"220":0,"221":0,"222":0,"223":0,"224":0,"225":0,"226":0,"227":0,"228":0,"229":0,"230":0,"231":0,"232":0,"233":0,"234":0,"235":0,"236":0,"237":0,"238":0,"239":0,"240":0,"241":0,"242":0,"243":0,"244":0,"245":0,"246":0,"247":0,"248":0,"249":0,"250":0,"251":0,"252":0,"253":0,"254":0,"255":0,"256":0,"257":0,"258":0,"259":0,"260":0,"261":0,"262":0,"263":0,"264":0,"265":0,"266":0,"267":0,"268":0,"269":0,"270":0,"271":0,"272":0,"273":0,"274":0,"275":0,"276":0,"277":0,"278":0,"279":0,"280":0,"281":0,"282":0,"283":0,"284":0,"285":0,"286":0,"287":0,"288":0,"289":0,"290":0,"291":0,"292":0,"293":0,"294":0,"295":0,"296":0,"297":0,"298":0,"299":0,"300":0,"301":0,"302":0,"303":0,"304":0,"305":0,"306":0,"307":0,"308":0,"309":0,"310":0,"311":0,"312":0,"313":0,"314":0,"315":0,"316":0,"317":0,"318":0,"319":0,"320":0,"321":0,"322":0,"323":0,"324":0,"325":0,"326":0,"327":0,"328":0,"329":0,"330":0,"331":0,"332":0,"333":0,"334":0,"335":0,"336":0,"337":0,"338":0,"339":0,"340":0,"341":0,"342":0,"343":0,"344":0,"345":0,"346":0,"347":0,"348":0,"349":0,"350":0,"351":0,"352":0,"353":0,"354":0,"355":0,"356":0,"357":0,"358":0,"359":0,"360":0,"361":0,"362":0,"363":0,"364":0,"365":0,"366":0,"367":0,"368":0,"369":0,"370":0,"371":0,"372":0,"373":0,"374":0,"375":0,"376":0,"377":0,"378":0,"379":0,"380":0,"381":0,"382":0,"383":0,"384":0,"385":0,"386":0,"387":0,"388":0,"389":0,"390":0,"391":0,"392":0,"393":0,"394":0,"395":0,"396":0,"397":0,"398":0,"399":0,"400":0,"401":0,"402":0,"403":0,"404":0,"405":0,"406":0,"407":0,"408":0,"409":0,"410":0,"411":0,"412":0,"413":0,"414":0,"415":0,"416":0,"417":0,"418":0,"419":0,"420":0,"421":0,"422":0,"423":0,"424":0,"425":0,"426":0,"427":0,"428":0,"429":0,"430":0,"431":0,"432":0,"433":0,"434":0,"435":0,"436":0,"437":0,"438":0,"439":0,"440":0,"441":0,"442":0,"443":0,"444":0,"445":0,"446":0,"447":0,"448":0,"449":0,"450":0,"451":0,"452":0,"453":0,"454":0,"455":0,"456":0,"457":0,"458":0,"459":0,"460":0,"461":0,"462":0,"463":0,"464":0,"465":0,"466":0,"467":0,"468":0,"469":0,"470":0,"471":0,"472":0,"473":0,"474":0,"475":0,"476":0,"477":0,"478":0,"479":0,"480":0,"481":0,"482":0,"483":0,"484":0,"485":0,"486":0,"487":0,"488":0,"489":0,"490":0,"491":0,"492":0,"493":0,"494":0,"495":0,"496":0,"497":0,"498":0,"499":0,"500":0,"501":0,"502":0,"503":0,"504":0,"505":0,"506":0,"507":0,"508":0,"509":0,"510":0,"511":0,"512":0,"513":0,"514":0,"515":0,"516":0,"517":0,"518":0,"519":0,"520":0,"521":0,"522":0,"523":0,"524":0,"525":0,"526":0,"527":0,"528":0,"529":0,"530":0,"531":0,"532":0,"533":0,"534":0,"535":0,"536":0,"537":0,"538":0,"539":0,"540":0,"541":0,"542":0,"543":0,"544":0,"545":0,"546":0,"547":0,"548":0,"549":0,"550":0,"551":0,"552":0,"553":0,"554":0,"555":0,"556":0,"557":0,"558":0,"559":0,"560":0,"561":0,"562":0,"563":0,"564":0,"565":0,"566":0,"567":0,"568":0,"569":0,"570":0,"571":0,"572":0,"573":0,"574":0,"575":0,"576":0,"577":0,"578":0,"579":0,"580":0,"581":0,"582":0,"583":0,"584":0,"585":0,"586":0,"587":0,"588":0,"589":0,"590":0,"591":0,"592":0,"593":0,"594":0,"595":0,"596":0,"597":0,"598":0,"599":0,"600":0,"601":0,"602":0,"603":0,"604":0,"605":0,"606":0,"607":0,"608":0,"609":0,"610":0,"611":0,"612":0,"613":0,"614":0,"615":0,"616":0,"617":0,"618":0,"619":0,"620":0,"621":0,"622":0,"623":0,"624":0,"625":0,"626":0,"627":0,"628":0,"629":0,"630":0,"631":0,"632":0,"633":0,"634":0,"635":0,"636":0,"637":0,"638":0,"639":0,"640":0,"641":0,"642":0},"f":{"0":0,"1":0,"2":0,"3":0,"4":0,"5":0,"6":0,"7":0,"8":0,"9":0,"10":0,"11":0,"12":0,"13":0,"14":0,"15":0,"16":0,"17":0,"18":0,"19":0,"20":0,"21":0,"22":0,"23":0,"24":0,"25":0,"26":0,"27":0,"28":0,"29":0,"30":0,"31":0,"32":0,"33":0,"34":0,"35":0,"36":0,"37":0,"38":0,"39":0,"40":0,"41":0,"42":0,"43":0,"44":0,"45":0,"46":0,"47":0,"48":0,"49":0,"50":0,"51":0,"52":0,"53":0,"54":0,"55":0,"56":0,"57":0,"58":0,"59":0,"60":0,"61":0,"62":0,"63":0,"64":0,"65":0,"66":0,"67":0,"68":0,"69":0},"b":{"0":[0,0],"1":[0,0],"2":[0,0],"3":[0,0],"4":[0,0],"5":[0,0],"6":[0,0],"7":[0,0],"8":[0,0],"9":[0,0],"10":[0,0,0,0,0,0],"11":[0,0],"12":[0,0],"13":[0],"14":[0],"15":[0],"16":[0,0],"17":[0,0],"18":[0,0],"19":[0,0],"20":[0,0],"21":[0,0],"22":[0,0],"23":[0,0],"24":[0,0],"25":[0,0,0],"26":[0,0],"27":[0,0,0],"28":[0,0],"29":[0,0,0,0],"30":[0,0],"31":[0,0,0,0,0,0,0],"32":[0,0],"33":[0,0],"34":[0,0],"35":[0,0],"36":[0,0],"37":[0,0],"38":[0,0],"39":[0,0],"40":[0,0],"41":[0,0,0,0],"42":[0,0],"43":[0,0],"44":[0,0],"45":[0,0],"46":[0,0],"47":[0,0],"48":[0,0],"49":[0,0],"50":[0,0],"51":[0,0],"52":[0,0],"53":[0,0],"54":[0,0],"55":[0,0],"56":[0],"57":[0,0],"58":[0,0],"59":[0,0],"60":[0,0],"61":[0,0],"62":[0,0],"63":[0,0,0],"64":[0],"65":[0,0],"66":[0,0],"67":[0,0],"68":[0,0],"69":[0,0],"70":[0,0],"71":[0,0],"72":[0,0],"73":[0,0],"74":[0,0],"75":[0,0],"76":[0,0],"77":[0,0],"78":[0,0],"79":[0,0],"80":[0,0],"81":[0,0],"82":[0,0],"83":[0,0],"84":[0,0],"85":[0,0],"86":[0,0],"87":[0,0],"88":[0,0],"89":[0,0],"90":[0,0],"91":[0,0],"92":[0,0],"93":[0,0],"94":[0,0],"95":[0,0],"96":[0,0],"97":[0,0],"98":[0,0],"99":[0,0],"100":[0,0],"101":[0,0],"102":[0,0],"103":[0,0],"104":[0,0],"105":[0,0],"106":[0,0],"107":[0,0],"108":[0,0],"109":[0,0],"110":[0,0],"111":[0,0],"112":[0,0],"113":[0,0],"114":[0,0,0,0],"115":[0,0],"116":[0,0],"117":[0,0],"118":[0,0],"119":[0,0],"120":[0,0,0,0],"121":[0,0],"122":[0,0],"123":[0,0],"124":[0,0],"125":[0,0],"126":[0,0],"127":[0,0],"128":[0,0],"129":[0,0],"130":[0,0],"131":[0,0],"132":[0,0],"133":[0,0],"134":[0,0],"135":[0,0],"136":[0,0],"137":[0,0],"138":[0,0],"139":[0,0],"140":[0,0],"141":[0,0],"142":[0,0],"143":[0,0],"144":[0,0],"145":[0,0],"146":[0,0],"147":[0,0],"148":[0,0],"149":[0,0],"150":[0,0],"151":[0,0],"152":[0,0],"153":[0,0,0,0],"154":[0,0,0,0,0],"155":[0,0,0,0,0],"156":[0,0],"157":[0,0],"158":[0,0],"159":[0,0],"160":[0,0],"161":[0,0],"162":[0,0],"163":[0,0,0,0],"164":[0,0,0,0,0],"165":[0,0,0,0,0],"166":[0,0],"167":[0,0],"168":[0,0],"169":[0,0],"170":[0,0],"171":[0,0],"172":[0,0],"173":[0,0,0],"174":[0,0,0,0,0],"175":[0,0,0,0,0],"176":[0,0,0,0,0],"177":[0,0],"178":[0,0],"179":[0,0],"180":[0,0],"181":[0,0],"182":[0,0],"183":[0,0],"184":[0,0,0],"185":[0,0,0,0,0],"186":[0,0,0,0,0],"187":[0,0,0,0,0],"188":[0,0],"189":[0,0],"190":[0,0],"191":[0,0],"192":[0,0],"193":[0],"194":[0,0],"195":[0,0],"196":[0,0],"197":[0,0],"198":[0,0,0,0,0,0],"199":[0,0],"200":[0,0,0],"201":[0,0,0],"202":[0,0,0],"203":[0,0],"204":[0,0],"205":[0,0],"206":[0,0],"207":[0,0],"208":[0,0],"209":[0,0],"210":[0,0],"211":[0,0],"212":[0,0]}}
}
