TN:
SF:script.js
FN:2,(anonymous_0)
FN:7,(anonymous_1)
FN:55,(anonymous_2)
FN:56,(anonymous_3)
FN:59,(anonymous_4)
FN:60,(anonymous_5)
FN:64,(anonymous_6)
FN:65,(anonymous_7)
FN:69,(anonymous_8)
FN:70,(anonymous_9)
FN:74,(anonymous_10)
FN:75,(anonymous_11)
FN:78,(anonymous_12)
FN:81,(anonymous_13)
FN:201,(anonymous_14)
FN:307,(anonymous_15)
FN:311,(anonymous_16)
FN:382,(anonymous_17)
FN:420,(anonymous_18)
FN:434,(anonymous_19)
FN:458,(anonymous_20)
FN:469,(anonymous_21)
FN:481,(anonymous_22)
FN:491,(anonymous_23)
FN:507,(anonymous_24)
FN:521,(anonymous_25)
FN:538,(anonymous_26)
FN:561,(anonymous_27)
FN:575,(anonymous_28)
FN:631,(anonymous_29)
FN:661,(anonymous_30)
FN:672,(anonymous_31)
FN:711,(anonymous_32)
FN:735,(anonymous_33)
FN:746,(anonymous_34)
FN:763,(anonymous_35)
FN:765,(anonymous_36)
FN:770,(anonymous_37)
FN:775,(anonymous_38)
FN:781,(anonymous_39)
FN:793,(anonymous_40)
FN:816,(anonymous_41)
FN:818,(anonymous_42)
FN:823,(anonymous_43)
FN:828,(anonymous_44)
FN:880,(anonymous_45)
FN:902,(anonymous_46)
FN:920,(anonymous_47)
FN:937,(anonymous_48)
FN:956,(anonymous_49)
FN:1022,(anonymous_50)
FN:1035,(anonymous_51)
FN:1062,(anonymous_52)
FN:1094,(anonymous_53)
FN:1108,(anonymous_54)
FN:1153,(anonymous_55)
FN:1192,(anonymous_56)
FN:1231,(anonymous_57)
FN:1273,(anonymous_58)
FN:1285,(anonymous_59)
FN:1317,(anonymous_60)
FN:1322,(anonymous_61)
FN:1326,(anonymous_62)
FN:1335,(anonymous_63)
FN:1345,(anonymous_64)
FN:1361,(anonymous_65)
FN:1365,(anonymous_66)
FN:1374,(anonymous_67)
FN:1384,(anonymous_68)
FN:1398,(anonymous_69)
FNF:70
FNH:67
FNDA:5,(anonymous_0)
FNDA:5,(anonymous_1)
FNDA:5,(anonymous_2)
FNDA:1,(anonymous_3)
FNDA:10,(anonymous_4)
FNDA:2,(anonymous_5)
FNDA:20,(anonymous_6)
FNDA:4,(anonymous_7)
FNDA:10,(anonymous_8)
FNDA:1,(anonymous_9)
FNDA:1,(anonymous_10)
FNDA:1,(anonymous_11)
FNDA:2,(anonymous_12)
FNDA:68,(anonymous_13)
FNDA:11,(anonymous_14)
FNDA:11,(anonymous_15)
FNDA:5,(anonymous_16)
FNDA:26,(anonymous_17)
FNDA:75,(anonymous_18)
FNDA:12,(anonymous_19)
FNDA:15,(anonymous_20)
FNDA:9,(anonymous_21)
FNDA:14,(anonymous_22)
FNDA:8,(anonymous_23)
FNDA:15,(anonymous_24)
FNDA:6,(anonymous_25)
FNDA:3,(anonymous_26)
FNDA:8,(anonymous_27)
FNDA:5,(anonymous_28)
FNDA:1,(anonymous_29)
FNDA:0,(anonymous_30)
FNDA:0,(anonymous_31)
FNDA:2,(anonymous_32)
FNDA:6,(anonymous_33)
FNDA:4,(anonymous_34)
FNDA:2,(anonymous_35)
FNDA:4,(anonymous_36)
FNDA:4,(anonymous_37)
FNDA:7,(anonymous_38)
FNDA:28,(anonymous_39)
FNDA:28,(anonymous_40)
FNDA:1,(anonymous_41)
FNDA:2,(anonymous_42)
FNDA:2,(anonymous_43)
FNDA:4,(anonymous_44)
FNDA:1,(anonymous_45)
FNDA:9,(anonymous_46)
FNDA:5,(anonymous_47)
FNDA:6,(anonymous_48)
FNDA:5,(anonymous_49)
FNDA:1,(anonymous_50)
FNDA:1,(anonymous_51)
FNDA:0,(anonymous_52)
FNDA:11,(anonymous_53)
FNDA:7,(anonymous_54)
FNDA:1,(anonymous_55)
FNDA:3,(anonymous_56)
FNDA:4,(anonymous_57)
FNDA:1,(anonymous_58)
FNDA:25,(anonymous_59)
FNDA:5,(anonymous_60)
FNDA:13,(anonymous_61)
FNDA:14,(anonymous_62)
FNDA:14,(anonymous_63)
FNDA:14,(anonymous_64)
FNDA:4,(anonymous_65)
FNDA:5,(anonymous_66)
FNDA:4,(anonymous_67)
FNDA:5,(anonymous_68)
FNDA:2,(anonymous_69)
DA:3,5
DA:4,5
DA:8,5
DA:9,5
DA:10,5
DA:11,5
DA:12,5
DA:13,5
DA:14,5
DA:15,5
DA:16,5
DA:17,5
DA:18,5
DA:19,5
DA:20,5
DA:23,5
DA:26,5
DA:27,5
DA:28,5
DA:31,5
DA:32,5
DA:33,5
DA:34,5
DA:37,5
DA:38,5
DA:41,5
DA:42,5
DA:45,5
DA:46,5
DA:47,5
DA:48,5
DA:49,5
DA:50,5
DA:51,5
DA:52,5
DA:56,5
DA:59,5
DA:60,10
DA:64,5
DA:65,20
DA:69,5
DA:70,10
DA:74,5
DA:75,5
DA:78,5
DA:82,68
DA:83,68
DA:86,66
DA:87,66
DA:88,66
DA:89,52
DA:99,14
DA:100,14
DA:101,14
DA:102,1
DA:112,13
DA:113,13
DA:114,13
DA:115,1
DA:125,12
DA:126,12
DA:127,12
DA:128,1
DA:138,11
DA:139,11
DA:140,11
DA:141,1
DA:142,1
DA:143,1
DA:154,10
DA:155,10
DA:156,10
DA:157,8
DA:159,8
DA:161,1
DA:172,9
DA:173,9
DA:174,9
DA:175,1
DA:185,8
DA:186,8
DA:187,8
DA:188,1
DA:198,7
DA:202,11
DA:203,11
DA:206,11
DA:207,3
DA:210,8
DA:212,8
DA:213,8
DA:214,6
DA:217,8
DA:219,8
DA:220,2
DA:221,1
DA:223,1
DA:226,3
DA:228,3
DA:229,0
DA:233,3
DA:234,3
DA:237,3
DA:238,3
DA:239,3
DA:240,0
DA:241,0
DA:242,3
DA:243,0
DA:244,0
DA:245,3
DA:246,0
DA:247,0
DA:253,3
DA:254,3
DA:256,3
DA:257,3
DA:259,0
DA:260,0
DA:262,0
DA:263,0
DA:265,0
DA:266,0
DA:268,0
DA:269,0
DA:271,0
DA:272,0
DA:274,0
DA:279,3
DA:280,0
DA:283,3
DA:292,3
DA:293,3
DA:296,5
DA:302,5
DA:303,5
DA:308,11
DA:312,5
DA:314,5
DA:316,5
DA:317,5
DA:318,5
DA:319,5
DA:322,5
DA:325,5
DA:326,4
DA:327,4
DA:328,4
DA:329,4
DA:331,1
DA:332,1
DA:333,1
DA:334,1
DA:337,5
DA:340,5
DA:341,5
DA:342,5
DA:345,5
DA:346,0
DA:347,0
DA:348,0
DA:349,0
DA:352,0
DA:353,0
DA:354,0
DA:355,0
DA:358,0
DA:360,0
DA:362,5
DA:363,5
DA:364,5
DA:365,5
DA:366,5
DA:369,0
DA:370,0
DA:371,0
DA:374,0
DA:375,0
DA:376,0
DA:377,0
DA:378,0
DA:383,26
DA:384,26
DA:385,26
DA:386,26
DA:387,26
DA:389,26
DA:390,68
DA:391,68
DA:393,68
DA:396,58
DA:397,8
DA:398,8
DA:399,5
DA:401,3
DA:405,50
DA:406,0
DA:409,50
DA:410,50
DA:411,44
DA:413,6
DA:417,26
DA:421,75
DA:422,23
DA:425,52
DA:427,52
DA:428,52
DA:430,52
DA:431,52
DA:435,12
DA:436,12
DA:437,12
DA:438,12
DA:439,12
DA:441,12
DA:442,2
DA:443,2
DA:447,10
DA:448,10
DA:451,10
DA:454,10
DA:455,10
DA:458,10
DA:459,15
DA:460,15
DA:461,0
DA:464,15
DA:467,10
DA:469,7
DA:470,9
DA:471,9
DA:472,9
DA:473,9
DA:476,0
DA:481,10
DA:482,14
DA:483,14
DA:484,0
DA:486,14
DA:489,10
DA:491,7
DA:492,8
DA:493,8
DA:494,8
DA:495,8
DA:498,0
DA:504,10
DA:505,10
DA:507,10
DA:508,15
DA:509,15
DA:510,10
DA:511,10
DA:519,5
DA:520,5
DA:521,3
DA:522,6
DA:523,2
DA:527,5
DA:535,10
DA:540,3
DA:541,3
DA:542,3
DA:545,3
DA:546,3
DA:549,3
DA:552,3
DA:555,3
DA:558,3
DA:562,8
DA:564,8
DA:565,3
DA:566,3
DA:567,3
DA:571,3
DA:572,3
DA:575,5
DA:576,5
DA:577,5
DA:581,5
DA:582,4
DA:593,4
DA:596,1
DA:597,1
DA:598,0
DA:599,0
DA:606,1
DA:616,1
DA:619,5
DA:624,5
DA:627,5
DA:633,1
DA:636,1
DA:637,1
DA:640,1
DA:641,0
DA:642,0
DA:643,0
DA:648,1
DA:649,0
DA:650,0
DA:651,0
DA:656,1
DA:662,0
DA:663,0
DA:664,0
DA:665,0
DA:666,0
DA:669,0
DA:674,0
DA:675,0
DA:678,0
DA:679,0
DA:680,0
DA:681,0
DA:683,0
DA:684,0
DA:701,0
DA:713,2
DA:714,2
DA:717,2
DA:718,2
DA:721,2
DA:724,2
DA:727,2
DA:728,1
DA:729,1
DA:731,1
DA:736,6
DA:738,6
DA:739,3
DA:740,3
DA:741,3
DA:742,3
DA:743,3
DA:746,3
DA:747,4
DA:748,4
DA:751,4
DA:752,4
DA:754,4
DA:759,4
DA:765,2
DA:766,4
DA:770,2
DA:771,4
DA:777,7
DA:778,7
DA:781,7
DA:782,28
DA:783,28
DA:784,28
DA:787,28
DA:788,14
DA:793,7
DA:796,28
DA:797,16
DA:798,12
DA:799,8
DA:800,4
DA:801,0
DA:802,4
DA:803,4
DA:807,28
DA:808,28
DA:810,28
DA:811,14
DA:818,1
DA:819,2
DA:823,1
DA:824,2
DA:829,4
DA:830,4
DA:831,4
DA:833,4
DA:835,4
DA:836,1
DA:837,1
DA:841,3
DA:842,3
DA:843,3
DA:845,3
DA:846,3
DA:849,3
DA:850,0
DA:853,3
DA:854,3
DA:855,3
DA:856,3
DA:859,0
DA:860,0
DA:861,0
DA:864,0
DA:865,0
DA:866,0
DA:868,0
DA:874,1
DA:875,1
DA:877,1
DA:880,1
DA:881,1
DA:882,1
DA:884,1
DA:886,0
DA:890,2
DA:891,2
DA:892,2
DA:896,3
DA:897,3
DA:898,3
DA:904,9
DA:910,9
DA:911,18
DA:912,18
DA:913,6
DA:917,3
DA:922,5
DA:927,5
DA:928,9
DA:929,9
DA:930,2
DA:934,3
DA:939,6
DA:944,6
DA:945,10
DA:946,10
DA:947,4
DA:951,2
DA:958,5
DA:965,5
DA:967,5
DA:968,16
DA:969,16
DA:976,4
DA:977,0
DA:981,4
DA:982,2
DA:983,2
DA:984,2
DA:985,0
DA:986,0
DA:988,2
DA:991,2
DA:994,14
DA:995,14
DA:1000,3
DA:1002,3
DA:1003,3
DA:1010,0
DA:1011,0
DA:1012,0
DA:1019,3
DA:1024,1
DA:1025,1
DA:1026,1
DA:1029,1
DA:1030,2
DA:1032,2
DA:1033,2
DA:1034,1
DA:1035,1
DA:1036,1
DA:1037,1
DA:1040,1
DA:1041,0
DA:1044,1
DA:1045,1
DA:1048,1
DA:1049,0
DA:1052,0
DA:1055,1
DA:1059,1
DA:1064,0
DA:1065,0
DA:1066,0
DA:1069,0
DA:1070,0
DA:1072,0
DA:1073,0
DA:1074,0
DA:1076,0
DA:1077,0
DA:1080,0
DA:1081,0
DA:1084,0
DA:1087,0
DA:1091,0
DA:1095,11
DA:1096,11
DA:1099,11
DA:1104,11
DA:1106,5
DA:1108,5
DA:1109,7
DA:1110,7
DA:1111,7
DA:1112,7
DA:1115,7
DA:1122,7
DA:1128,7
DA:1129,7
DA:1130,6
DA:1132,7
DA:1133,1
DA:1134,6
DA:1135,2
DA:1137,7
DA:1141,5
DA:1142,5
DA:1146,11
DA:1148,1
DA:1151,1
DA:1153,1
DA:1154,1
DA:1155,1
DA:1156,1
DA:1157,1
DA:1160,1
DA:1167,1
DA:1173,1
DA:1174,1
DA:1175,1
DA:1177,1
DA:1178,0
DA:1179,1
DA:1180,0
DA:1182,1
DA:1186,1
DA:1187,1
DA:1188,10
DA:1190,2
DA:1192,2
DA:1193,3
DA:1194,3
DA:1195,3
DA:1196,3
DA:1199,3
DA:1206,3
DA:1212,3
DA:1213,3
DA:1214,3
DA:1216,3
DA:1217,0
DA:1218,3
DA:1219,1
DA:1221,3
DA:1225,2
DA:1226,2
DA:1227,8
DA:1229,2
DA:1231,2
DA:1232,4
DA:1233,4
DA:1234,4
DA:1235,4
DA:1238,4
DA:1245,4
DA:1251,4
DA:1252,4
DA:1253,4
DA:1255,4
DA:1256,0
DA:1257,4
DA:1258,2
DA:1260,4
DA:1264,2
DA:1265,2
DA:1267,6
DA:1269,1
DA:1272,5
DA:1273,5
DA:1274,1
DA:1278,11
DA:1281,0
DA:1286,25
DA:1288,25
DA:1289,25
DA:1290,60
DA:1292,60
DA:1296,1
DA:1303,59
DA:1305,20
DA:1310,25
DA:1317,5
DA:1318,5
DA:1322,5
DA:1323,13
DA:1324,13
DA:1326,13
DA:1327,14
DA:1328,14
DA:1329,0
DA:1331,14
DA:1335,13
DA:1336,14
DA:1337,14
DA:1338,0
DA:1340,14
DA:1344,13
DA:1345,13
DA:1346,14
DA:1347,14
DA:1348,9
DA:1349,9
DA:1358,13
DA:1361,5
DA:1362,4
DA:1363,4
DA:1365,4
DA:1366,5
DA:1367,5
DA:1368,0
DA:1370,5
DA:1374,4
DA:1375,4
DA:1376,4
DA:1377,0
DA:1379,4
DA:1383,4
DA:1384,4
DA:1385,5
DA:1386,5
DA:1387,3
DA:1388,1
DA:1389,1
DA:1396,2
DA:1397,2
DA:1398,2
DA:1399,2
DA:1400,1
DA:1405,2
DA:1413,4
LF:632
LH:524
BRDA:83,0,0,2
BRDA:83,0,1,66
BRDA:88,1,0,52
BRDA:88,1,1,14
BRDA:101,2,0,1
BRDA:101,2,1,13
BRDA:114,3,0,1
BRDA:114,3,1,12
BRDA:127,4,0,1
BRDA:127,4,1,11
BRDA:140,5,0,1
BRDA:140,5,1,10
BRDA:142,6,0,1
BRDA:142,6,1,0
BRDA:156,7,0,8
BRDA:156,7,1,2
BRDA:156,8,0,10
BRDA:156,8,1,8
BRDA:159,9,0,1
BRDA:159,9,1,7
BRDA:159,10,0,8
BRDA:159,10,1,8
BRDA:159,10,2,8
BRDA:159,10,3,8
BRDA:159,10,4,8
BRDA:159,10,5,1
BRDA:174,11,0,1
BRDA:174,11,1,8
BRDA:187,12,0,1
BRDA:187,12,1,7
BRDA:201,13,0,0
BRDA:201,14,0,0
BRDA:201,15,0,6
BRDA:206,16,0,3
BRDA:206,16,1,8
BRDA:213,17,0,6
BRDA:213,17,1,2
BRDA:219,18,0,2
BRDA:219,18,1,3
BRDA:220,19,0,1
BRDA:220,19,1,1
BRDA:228,20,0,0
BRDA:228,20,1,3
BRDA:228,21,0,3
BRDA:228,21,1,3
BRDA:238,22,0,3
BRDA:238,22,1,0
BRDA:238,23,0,3
BRDA:238,23,1,3
BRDA:239,24,0,0
BRDA:239,24,1,3
BRDA:239,25,0,3
BRDA:239,25,1,0
BRDA:239,25,2,0
BRDA:242,26,0,0
BRDA:242,26,1,3
BRDA:242,27,0,3
BRDA:242,27,1,1
BRDA:242,27,2,0
BRDA:245,28,0,0
BRDA:245,28,1,3
BRDA:245,29,0,3
BRDA:245,29,1,2
BRDA:245,29,2,2
BRDA:245,29,3,0
BRDA:253,30,0,3
BRDA:253,30,1,0
BRDA:254,31,0,3
BRDA:254,31,1,0
BRDA:254,31,2,0
BRDA:254,31,3,0
BRDA:254,31,4,0
BRDA:254,31,5,0
BRDA:254,31,6,0
BRDA:256,32,0,1
BRDA:256,32,1,2
BRDA:259,33,0,0
BRDA:259,33,1,0
BRDA:262,34,0,0
BRDA:262,34,1,0
BRDA:265,35,0,0
BRDA:265,35,1,0
BRDA:268,36,0,0
BRDA:268,36,1,0
BRDA:271,37,0,0
BRDA:271,37,1,0
BRDA:274,38,0,0
BRDA:274,38,1,0
BRDA:279,39,0,0
BRDA:279,39,1,3
BRDA:279,40,0,3
BRDA:279,40,1,0
BRDA:280,41,0,0
BRDA:280,41,1,0
BRDA:280,41,2,0
BRDA:280,41,3,0
BRDA:314,42,0,5
BRDA:314,42,1,0
BRDA:325,43,0,4
BRDA:325,43,1,1
BRDA:327,44,0,4
BRDA:327,44,1,3
BRDA:328,45,0,4
BRDA:328,45,1,4
BRDA:329,46,0,4
BRDA:329,46,1,4
BRDA:332,47,0,1
BRDA:332,47,1,1
BRDA:333,48,0,1
BRDA:333,48,1,1
BRDA:334,49,0,1
BRDA:334,49,1,1
BRDA:341,50,0,5
BRDA:341,50,1,0
BRDA:345,51,0,0
BRDA:345,51,1,5
BRDA:348,52,0,0
BRDA:348,52,1,0
BRDA:349,53,0,0
BRDA:349,53,1,0
BRDA:353,54,0,0
BRDA:353,54,1,0
BRDA:370,55,0,0
BRDA:370,55,1,0
BRDA:382,56,0,4
BRDA:393,57,0,10
BRDA:393,57,1,58
BRDA:396,58,0,8
BRDA:396,58,1,50
BRDA:398,59,0,5
BRDA:398,59,1,3
BRDA:405,60,0,0
BRDA:405,60,1,50
BRDA:405,61,0,50
BRDA:405,61,1,3
BRDA:410,62,0,44
BRDA:410,62,1,6
BRDA:410,63,0,50
BRDA:410,63,1,44
BRDA:410,63,2,44
BRDA:420,64,0,0
BRDA:421,65,0,23
BRDA:421,65,1,52
BRDA:425,66,0,10
BRDA:425,66,1,42
BRDA:427,67,0,52
BRDA:427,67,1,3
BRDA:428,68,0,52
BRDA:428,68,1,3
BRDA:430,69,0,3
BRDA:430,69,1,49
BRDA:441,70,0,2
BRDA:441,70,1,10
BRDA:441,71,0,12
BRDA:441,71,1,2
BRDA:460,72,0,0
BRDA:460,72,1,15
BRDA:467,73,0,7
BRDA:467,73,1,3
BRDA:471,74,0,9
BRDA:471,74,1,0
BRDA:472,75,0,9
BRDA:472,75,1,0
BRDA:483,76,0,0
BRDA:483,76,1,14
BRDA:489,77,0,7
BRDA:489,77,1,3
BRDA:493,78,0,8
BRDA:493,78,1,0
BRDA:494,79,0,8
BRDA:494,79,1,0
BRDA:509,80,0,10
BRDA:509,80,1,5
BRDA:520,81,0,3
BRDA:520,81,1,2
BRDA:522,82,0,2
BRDA:522,82,1,4
BRDA:564,83,0,3
BRDA:564,83,1,5
BRDA:568,84,0,1
BRDA:568,84,1,2
BRDA:569,85,0,1
BRDA:569,85,1,2
BRDA:581,86,0,4
BRDA:581,86,1,1
BRDA:586,87,0,1
BRDA:586,87,1,3
BRDA:586,88,0,4
BRDA:586,88,1,3
BRDA:587,89,0,0
BRDA:587,89,1,4
BRDA:597,90,0,0
BRDA:597,90,1,1
BRDA:597,91,0,1
BRDA:597,91,1,0
BRDA:601,92,0,0
BRDA:601,92,1,0
BRDA:601,93,0,0
BRDA:601,93,1,0
BRDA:601,94,0,0
BRDA:601,94,1,0
BRDA:610,95,0,0
BRDA:610,95,1,1
BRDA:610,96,0,1
BRDA:610,96,1,1
BRDA:611,97,0,0
BRDA:611,97,1,1
BRDA:642,98,0,0
BRDA:642,98,1,0
BRDA:650,99,0,0
BRDA:650,99,1,0
BRDA:656,100,0,0
BRDA:656,100,1,1
BRDA:665,101,0,0
BRDA:665,101,1,0
BRDA:683,102,0,0
BRDA:683,102,1,0
BRDA:687,103,0,0
BRDA:687,103,1,0
BRDA:688,104,0,0
BRDA:688,104,1,0
BRDA:694,105,0,0
BRDA:694,105,1,0
BRDA:695,106,0,0
BRDA:695,106,1,0
BRDA:703,107,0,0
BRDA:703,107,1,0
BRDA:704,108,0,0
BRDA:704,108,1,0
BRDA:727,109,0,1
BRDA:727,109,1,1
BRDA:727,110,0,2
BRDA:727,110,1,1
BRDA:738,111,0,3
BRDA:738,111,1,3
BRDA:752,112,0,4
BRDA:752,112,1,0
BRDA:787,113,0,14
BRDA:787,113,1,14
BRDA:787,114,0,28
BRDA:787,114,1,24
BRDA:787,114,2,16
BRDA:787,114,3,4
BRDA:796,115,0,16
BRDA:796,115,1,12
BRDA:798,116,0,8
BRDA:798,116,1,4
BRDA:800,117,0,0
BRDA:800,117,1,4
BRDA:802,118,0,4
BRDA:802,118,1,0
BRDA:810,119,0,14
BRDA:810,119,1,14
BRDA:810,120,0,28
BRDA:810,120,1,24
BRDA:810,120,2,16
BRDA:810,120,3,4
BRDA:829,121,0,4
BRDA:829,121,1,0
BRDA:830,122,0,4
BRDA:830,122,1,0
BRDA:831,123,0,4
BRDA:831,123,1,0
BRDA:835,124,0,1
BRDA:835,124,1,3
BRDA:849,125,0,0
BRDA:849,125,1,3
BRDA:854,126,0,3
BRDA:854,126,1,0
BRDA:860,127,0,0
BRDA:860,127,1,0
BRDA:865,128,0,0
BRDA:865,128,1,0
BRDA:874,129,0,1
BRDA:874,129,1,0
BRDA:874,130,0,1
BRDA:874,130,1,1
BRDA:882,131,0,1
BRDA:882,131,1,1
BRDA:891,132,0,2
BRDA:891,132,1,0
BRDA:912,133,0,6
BRDA:912,133,1,12
BRDA:929,134,0,2
BRDA:929,134,1,7
BRDA:946,135,0,4
BRDA:946,135,1,6
BRDA:976,136,0,0
BRDA:976,136,1,4
BRDA:981,137,0,2
BRDA:981,137,1,2
BRDA:984,138,0,0
BRDA:984,138,1,2
BRDA:1010,139,0,0
BRDA:1010,139,1,0
BRDA:1019,140,0,3
BRDA:1019,140,1,0
BRDA:1034,141,0,1
BRDA:1034,141,1,0
BRDA:1034,142,0,1
BRDA:1034,142,1,1
BRDA:1037,143,0,1
BRDA:1037,143,1,1
BRDA:1040,144,0,0
BRDA:1040,144,1,1
BRDA:1048,145,0,0
BRDA:1048,145,1,1
BRDA:1074,146,0,0
BRDA:1074,146,1,0
BRDA:1074,147,0,0
BRDA:1074,147,1,0
BRDA:1080,148,0,0
BRDA:1080,148,1,0
BRDA:1099,149,0,5
BRDA:1099,149,1,6
BRDA:1104,150,0,5
BRDA:1104,150,1,6
BRDA:1109,151,0,7
BRDA:1109,151,1,0
BRDA:1111,152,0,7
BRDA:1111,152,1,1
BRDA:1112,153,0,7
BRDA:1112,153,1,1
BRDA:1112,153,2,1
BRDA:1112,153,3,1
BRDA:1115,154,0,7
BRDA:1115,154,1,6
BRDA:1115,154,2,5
BRDA:1115,154,3,5
BRDA:1115,154,4,5
BRDA:1122,155,0,7
BRDA:1122,155,1,6
BRDA:1122,155,2,6
BRDA:1122,155,3,6
BRDA:1122,155,4,6
BRDA:1129,156,0,6
BRDA:1129,156,1,1
BRDA:1132,157,0,1
BRDA:1132,157,1,6
BRDA:1134,158,0,2
BRDA:1134,158,1,4
BRDA:1146,159,0,1
BRDA:1146,159,1,10
BRDA:1146,160,0,11
BRDA:1146,160,1,2
BRDA:1154,161,0,1
BRDA:1154,161,1,0
BRDA:1156,162,0,1
BRDA:1156,162,1,0
BRDA:1157,163,0,1
BRDA:1157,163,1,0
BRDA:1157,163,2,0
BRDA:1157,163,3,0
BRDA:1160,164,0,1
BRDA:1160,164,1,1
BRDA:1160,164,2,1
BRDA:1160,164,3,1
BRDA:1160,164,4,1
BRDA:1167,165,0,1
BRDA:1167,165,1,1
BRDA:1167,165,2,1
BRDA:1167,165,3,1
BRDA:1167,165,4,1
BRDA:1174,166,0,1
BRDA:1174,166,1,0
BRDA:1177,167,0,0
BRDA:1177,167,1,1
BRDA:1179,168,0,0
BRDA:1179,168,1,1
BRDA:1188,169,0,2
BRDA:1188,169,1,8
BRDA:1188,170,0,10
BRDA:1188,170,1,2
BRDA:1193,171,0,3
BRDA:1193,171,1,0
BRDA:1194,172,0,3
BRDA:1194,172,1,0
BRDA:1195,173,0,3
BRDA:1195,173,1,0
BRDA:1195,173,2,0
BRDA:1196,174,0,3
BRDA:1196,174,1,0
BRDA:1196,174,2,0
BRDA:1196,174,3,0
BRDA:1196,174,4,0
BRDA:1199,175,0,3
BRDA:1199,175,1,2
BRDA:1199,175,2,2
BRDA:1199,175,3,2
BRDA:1199,175,4,2
BRDA:1206,176,0,3
BRDA:1206,176,1,3
BRDA:1206,176,2,3
BRDA:1206,176,3,3
BRDA:1206,176,4,3
BRDA:1213,177,0,3
BRDA:1213,177,1,0
BRDA:1216,178,0,0
BRDA:1216,178,1,3
BRDA:1218,179,0,1
BRDA:1218,179,1,2
BRDA:1227,180,0,2
BRDA:1227,180,1,6
BRDA:1227,181,0,8
BRDA:1227,181,1,2
BRDA:1232,182,0,4
BRDA:1232,182,1,0
BRDA:1233,183,0,4
BRDA:1233,183,1,0
BRDA:1234,184,0,4
BRDA:1234,184,1,0
BRDA:1234,184,2,0
BRDA:1235,185,0,4
BRDA:1235,185,1,0
BRDA:1235,185,2,0
BRDA:1235,185,3,0
BRDA:1235,185,4,0
BRDA:1238,186,0,4
BRDA:1238,186,1,2
BRDA:1238,186,2,2
BRDA:1238,186,3,2
BRDA:1238,186,4,2
BRDA:1245,187,0,4
BRDA:1245,187,1,4
BRDA:1245,187,2,4
BRDA:1245,187,3,4
BRDA:1245,187,4,4
BRDA:1252,188,0,4
BRDA:1252,188,1,0
BRDA:1255,189,0,0
BRDA:1255,189,1,4
BRDA:1257,190,0,2
BRDA:1257,190,1,2
BRDA:1267,191,0,1
BRDA:1267,191,1,5
BRDA:1274,192,0,0
BRDA:1274,192,1,1
BRDA:1285,193,0,5
BRDA:1288,194,0,25
BRDA:1288,194,1,0
BRDA:1288,195,0,25
BRDA:1288,195,1,25
BRDA:1290,196,0,54
BRDA:1290,196,1,6
BRDA:1292,197,0,1
BRDA:1292,197,1,59
BRDA:1292,198,0,60
BRDA:1292,198,1,8
BRDA:1292,198,2,8
BRDA:1292,198,3,7
BRDA:1292,198,4,1
BRDA:1292,198,5,0
BRDA:1297,199,0,1
BRDA:1297,199,1,0
BRDA:1299,200,0,1
BRDA:1299,200,1,0
BRDA:1299,200,2,0
BRDA:1300,201,0,1
BRDA:1300,201,1,0
BRDA:1300,201,2,0
BRDA:1301,202,0,1
BRDA:1301,202,1,1
BRDA:1301,202,2,1
BRDA:1303,203,0,20
BRDA:1303,203,1,39
BRDA:1328,204,0,0
BRDA:1328,204,1,14
BRDA:1337,205,0,0
BRDA:1337,205,1,14
BRDA:1347,206,0,9
BRDA:1347,206,1,5
BRDA:1367,207,0,0
BRDA:1367,207,1,5
BRDA:1376,208,0,0
BRDA:1376,208,1,4
BRDA:1386,209,0,3
BRDA:1386,209,1,2
BRDA:1387,210,0,1
BRDA:1387,210,1,2
BRDA:1397,211,0,2
BRDA:1397,211,1,0
BRDA:1399,212,0,1
BRDA:1399,212,1,1
BRF:483
BRH:325
end_of_record
